<?xml version="1.0" encoding="UTF-8"?>
<coverage generated="1742460330503" clover="3.2.0">
  <project timestamp="1742460330503" name="All files">
    <metrics statements="232" coveredstatements="202" conditionals="127" coveredconditionals="89" methods="94" coveredmethods="85" elements="453" coveredelements="376" complexity="0" loc="232" ncloc="232" packages="16" files="22" classes="22"/>
    <package name="components">
      <metrics statements="0" coveredstatements="0" conditionals="0" coveredconditionals="0" methods="0" coveredmethods="0"/>
      <file name="index.ts" path="D:\react-native-training\expo-grocery-app\components\index.ts">
        <metrics statements="0" coveredstatements="0" conditionals="0" coveredconditionals="0" methods="0" coveredmethods="0"/>
      </file>
    </package>
    <package name="components.BannerCard">
      <metrics statements="3" coveredstatements="3" conditionals="0" coveredconditionals="0" methods="1" coveredmethods="1"/>
      <file name="index.tsx" path="D:\react-native-training\expo-grocery-app\components\BannerCard\index.tsx">
        <metrics statements="3" coveredstatements="3" conditionals="0" coveredconditionals="0" methods="1" coveredmethods="1"/>
        <line num="16" count="6" type="stmt"/>
        <line num="17" count="3" type="stmt"/>
        <line num="38" count="6" type="stmt"/>
      </file>
    </package>
    <package name="components.BannerList">
      <metrics statements="4" coveredstatements="4" conditionals="0" coveredconditionals="0" methods="2" coveredmethods="2"/>
      <file name="index.tsx" path="D:\react-native-training\expo-grocery-app\components\BannerList\index.tsx">
        <metrics statements="4" coveredstatements="4" conditionals="0" coveredconditionals="0" methods="2" coveredmethods="2"/>
        <line num="15" count="5" type="stmt"/>
        <line num="16" count="1" type="stmt"/>
        <line num="24" count="2" type="stmt"/>
        <line num="33" count="5" type="stmt"/>
      </file>
    </package>
    <package name="components.Button">
      <metrics statements="8" coveredstatements="8" conditionals="12" coveredconditionals="11" methods="2" coveredmethods="2"/>
      <file name="index.tsx" path="D:\react-native-training\expo-grocery-app\components\Button\index.tsx">
        <metrics statements="8" coveredstatements="8" conditionals="12" coveredconditionals="11" methods="2" coveredmethods="2"/>
        <line num="31" count="7" type="stmt"/>
        <line num="41" count="17" type="stmt"/>
        <line num="43" count="17" type="stmt"/>
        <line num="67" count="7" type="stmt"/>
        <line num="86" count="7" type="stmt"/>
        <line num="105" count="7" type="stmt"/>
        <line num="124" count="7" type="stmt"/>
        <line num="139" count="7" type="stmt"/>
      </file>
    </package>
    <package name="components.Camera">
      <metrics statements="3" coveredstatements="3" conditionals="0" coveredconditionals="0" methods="1" coveredmethods="1"/>
      <file name="index.tsx" path="D:\react-native-training\expo-grocery-app\components\Camera\index.tsx">
        <metrics statements="3" coveredstatements="3" conditionals="0" coveredconditionals="0" methods="1" coveredmethods="1"/>
        <line num="14" count="5" type="stmt"/>
        <line num="21" count="4" type="stmt"/>
        <line num="42" count="5" type="stmt"/>
      </file>
    </package>
    <package name="components.CategoryList">
      <metrics statements="7" coveredstatements="7" conditionals="0" coveredconditionals="0" methods="3" coveredmethods="3"/>
      <file name="index.tsx" path="D:\react-native-training\expo-grocery-app\components\CategoryList\index.tsx">
        <metrics statements="7" coveredstatements="7" conditionals="0" coveredconditionals="0" methods="3" coveredmethods="3"/>
        <line num="22" count="5" type="stmt"/>
        <line num="23" count="2" type="stmt"/>
        <line num="24" count="2" type="stmt"/>
        <line num="26" count="2" type="stmt"/>
        <line num="29" count="16" type="stmt"/>
        <line num="30" count="16" type="stmt"/>
        <line num="54" count="5" type="stmt"/>
      </file>
    </package>
    <package name="components.Input">
      <metrics statements="6" coveredstatements="6" conditionals="14" coveredconditionals="14" methods="1" coveredmethods="1"/>
      <file name="index.tsx" path="D:\react-native-training\expo-grocery-app\components\Input\index.tsx">
        <metrics statements="6" coveredstatements="6" conditionals="14" coveredconditionals="14" methods="1" coveredmethods="1"/>
        <line num="32" count="5" type="stmt"/>
        <line num="52" count="53" type="stmt"/>
        <line num="99" count="5" type="stmt"/>
        <line num="103" count="5" type="stmt"/>
        <line num="127" count="5" type="stmt"/>
        <line num="155" count="5" type="stmt"/>
      </file>
    </package>
    <package name="components.ProductCard">
      <metrics statements="8" coveredstatements="8" conditionals="9" coveredconditionals="7" methods="4" coveredmethods="4"/>
      <file name="index.tsx" path="D:\react-native-training\expo-grocery-app\components\ProductCard\index.tsx">
        <metrics statements="8" coveredstatements="8" conditionals="9" coveredconditionals="7" methods="4" coveredmethods="4"/>
        <line num="19" count="4" type="stmt"/>
        <line num="31" count="17" type="stmt"/>
        <line num="32" count="17" type="stmt"/>
        <line num="33" count="1" type="cond" truecount="2" falsecount="0"/>
        <line num="35" count="17" type="stmt"/>
        <line num="36" count="1" type="cond" truecount="2" falsecount="0"/>
        <line num="39" count="17" type="stmt"/>
        <line num="88" count="4" type="stmt"/>
      </file>
    </package>
    <package name="components.ProductForm">
      <metrics statements="27" coveredstatements="23" conditionals="21" coveredconditionals="14" methods="12" coveredmethods="10"/>
      <file name="index.tsx" path="D:\react-native-training\expo-grocery-app\components\ProductForm\index.tsx">
        <metrics statements="27" coveredstatements="23" conditionals="21" coveredconditionals="14" methods="12" coveredmethods="10"/>
        <line num="47" count="4" type="stmt"/>
        <line num="59" count="4" type="stmt"/>
        <line num="65" count="9" type="stmt"/>
        <line num="67" count="9" type="stmt"/>
        <line num="82" count="9" type="stmt"/>
        <line num="84" count="9" type="stmt"/>
        <line num="89" count="9" type="stmt"/>
        <line num="90" count="0" type="stmt"/>
        <line num="107" count="9" type="stmt"/>
        <line num="108" count="1" type="cond" truecount="1" falsecount="1"/>
        <line num="109" count="1" type="stmt"/>
        <line num="110" count="1" type="stmt"/>
        <line num="112" count="0" type="stmt"/>
        <line num="115" count="9" type="stmt"/>
        <line num="116" count="9" type="stmt"/>
        <line num="131" count="1" type="stmt"/>
        <line num="136" count="1" type="stmt"/>
        <line num="152" count="72" type="cond" truecount="2" falsecount="0"/>
        <line num="162" count="27" type="stmt"/>
        <line num="168" count="0" type="stmt"/>
        <line num="169" count="0" type="stmt"/>
        <line num="184" count="45" type="stmt"/>
        <line num="197" count="5" type="stmt"/>
        <line num="198" count="5" type="stmt"/>
        <line num="219" count="9" type="stmt"/>
        <line num="230" count="12" type="stmt"/>
        <line num="248" count="4" type="stmt"/>
      </file>
    </package>
    <package name="components.ProductList">
      <metrics statements="6" coveredstatements="6" conditionals="6" coveredconditionals="5" methods="3" coveredmethods="3"/>
      <file name="index.tsx" path="D:\react-native-training\expo-grocery-app\components\ProductList\index.tsx">
        <metrics statements="6" coveredstatements="6" conditionals="6" coveredconditionals="5" methods="3" coveredmethods="3"/>
        <line num="17" count="4" type="stmt"/>
        <line num="25" count="17" type="stmt"/>
        <line num="26" count="4" type="stmt"/>
        <line num="28" count="12" type="stmt"/>
        <line num="43" count="4" type="stmt"/>
        <line num="57" count="4" type="stmt"/>
      </file>
    </package>
    <package name="components.Select">
      <metrics statements="15" coveredstatements="15" conditionals="7" coveredconditionals="7" methods="8" coveredmethods="8"/>
      <file name="index.tsx" path="D:\react-native-training\expo-grocery-app\components\Select\index.tsx">
        <metrics statements="15" coveredstatements="15" conditionals="7" coveredconditionals="7" methods="8" coveredmethods="8"/>
        <line num="23" count="4" type="stmt"/>
        <line num="30" count="37" type="stmt"/>
        <line num="32" count="37" type="stmt"/>
        <line num="33" count="2" type="stmt"/>
        <line num="36" count="37" type="stmt"/>
        <line num="37" count="3" type="stmt"/>
        <line num="40" count="37" type="stmt"/>
        <line num="41" count="2" type="stmt"/>
        <line num="42" count="2" type="stmt"/>
        <line num="45" count="37" type="stmt"/>
        <line num="47" count="37" type="stmt"/>
        <line num="77" count="12" type="stmt"/>
        <line num="79" count="9" type="stmt"/>
        <line num="81" count="2" type="stmt"/>
        <line num="95" count="4" type="stmt"/>
      </file>
    </package>
    <package name="components.StoreCard">
      <metrics statements="3" coveredstatements="3" conditionals="0" coveredconditionals="0" methods="1" coveredmethods="1"/>
      <file name="index.tsx" path="D:\react-native-training\expo-grocery-app\components\StoreCard\index.tsx">
        <metrics statements="3" coveredstatements="3" conditionals="0" coveredconditionals="0" methods="1" coveredmethods="1"/>
        <line num="11" count="6" type="stmt"/>
        <line num="12" count="3" type="stmt"/>
        <line num="30" count="6" type="stmt"/>
      </file>
    </package>
    <package name="components.StoreList">
      <metrics statements="5" coveredstatements="5" conditionals="0" coveredconditionals="0" methods="3" coveredmethods="3"/>
      <file name="index.tsx" path="D:\react-native-training\expo-grocery-app\components\StoreList\index.tsx">
        <metrics statements="5" coveredstatements="5" conditionals="0" coveredconditionals="0" methods="3" coveredmethods="3"/>
        <line num="16" count="5" type="stmt"/>
        <line num="17" count="3" type="stmt"/>
        <line num="18" count="1" type="stmt"/>
        <line num="20" count="2" type="stmt"/>
        <line num="24" count="1" type="stmt"/>
      </file>
    </package>
    <package name="components.Text">
      <metrics statements="4" coveredstatements="4" conditionals="4" coveredconditionals="3" methods="1" coveredmethods="1"/>
      <file name="index.tsx" path="D:\react-native-training\expo-grocery-app\components\Text\index.tsx">
        <metrics statements="4" coveredstatements="4" conditionals="4" coveredconditionals="3" methods="1" coveredmethods="1"/>
        <line num="30" count="10" type="stmt"/>
        <line num="38" count="210" type="stmt"/>
        <line num="53" count="10" type="stmt"/>
        <line num="76" count="10" type="stmt"/>
      </file>
    </package>
    <package name="hooks">
      <metrics statements="85" coveredstatements="74" conditionals="32" coveredconditionals="16" methods="42" coveredmethods="39"/>
      <file name="index.ts" path="D:\react-native-training\expo-grocery-app\hooks\index.ts">
        <metrics statements="0" coveredstatements="0" conditionals="0" coveredconditionals="0" methods="0" coveredmethods="0"/>
      </file>
      <file name="useAuths.ts" path="D:\react-native-training\expo-grocery-app\hooks\useAuths.ts">
        <metrics statements="8" coveredstatements="8" conditionals="4" coveredconditionals="4" methods="3" coveredmethods="3"/>
        <line num="6" count="4" type="stmt"/>
        <line num="11" count="6" type="stmt"/>
        <line num="13" count="3" type="stmt"/>
        <line num="16" count="2" type="stmt"/>
        <line num="17" count="2" type="cond" truecount="2" falsecount="0"/>
        <line num="18" count="1" type="stmt"/>
        <line num="20" count="1" type="stmt"/>
        <line num="24" count="6" type="stmt"/>
      </file>
      <file name="useImage.ts" path="D:\react-native-training\expo-grocery-app\hooks\useImage.ts">
        <metrics statements="42" coveredstatements="31" conditionals="20" coveredconditionals="8" methods="17" coveredmethods="14"/>
        <line num="8" count="5" type="stmt"/>
        <line num="9" count="17" type="stmt"/>
        <line num="10" count="17" type="stmt"/>
        <line num="11" count="17" type="stmt"/>
        <line num="12" count="17" type="stmt"/>
        <line num="14" count="17" type="stmt"/>
        <line num="16" count="17" type="stmt"/>
        <line num="17" count="2" type="cond" truecount="2" falsecount="0"/>
        <line num="18" count="1" type="stmt"/>
        <line num="19" count="1" type="cond" truecount="1" falsecount="1"/>
        <line num="21" count="1" type="stmt"/>
        <line num="25" count="17" type="stmt"/>
        <line num="26" count="1" type="cond" truecount="1" falsecount="1"/>
        <line num="27" count="1" type="stmt"/>
        <line num="28" count="1" type="cond" truecount="1" falsecount="1"/>
        <line num="29" count="1" type="stmt"/>
        <line num="30" count="1" type="stmt"/>
        <line num="35" count="17" type="stmt"/>
        <line num="36" count="1" type="stmt"/>
        <line num="43" count="1" type="cond" truecount="1" falsecount="1"/>
        <line num="44" count="1" type="stmt"/>
        <line num="46" count="1" type="stmt"/>
        <line num="51" count="17" type="stmt"/>
        <line num="52" count="2" type="stmt"/>
        <line num="55" count="17" type="stmt"/>
        <line num="56" count="2" type="cond" truecount="2" falsecount="0"/>
        <line num="59" count="17" type="stmt"/>
        <line num="60" count="2" type="stmt"/>
        <line num="63" count="17" type="stmt"/>
        <line num="77" count="5" type="stmt"/>
        <line num="78" count="0" type="stmt"/>
        <line num="80" count="0" type="stmt"/>
        <line num="86" count="0" type="stmt"/>
        <line num="87" count="0" type="cond" truecount="0" falsecount="2"/>
        <line num="89" count="0" type="stmt"/>
        <line num="94" count="0" type="stmt"/>
        <line num="96" count="0" type="cond" truecount="0" falsecount="2"/>
        <line num="97" count="0" type="cond" truecount="0" falsecount="2"/>
        <line num="100" count="0" type="stmt"/>
        <line num="103" count="5" type="stmt"/>
        <line num="104" count="0" type="stmt"/>
        <line num="106" count="0" type="stmt"/>
      </file>
      <file name="useProducts.ts" path="D:\react-native-training\expo-grocery-app\hooks\useProducts.ts">
        <metrics statements="35" coveredstatements="35" conditionals="8" coveredconditionals="4" methods="22" coveredmethods="22"/>
        <line num="7" count="5" type="stmt"/>
        <line num="8" count="3" type="stmt"/>
        <line num="10" count="2" type="stmt"/>
        <line num="15" count="5" type="stmt"/>
        <line num="16" count="3" type="stmt"/>
        <line num="19" count="2" type="stmt"/>
        <line num="24" count="5" type="stmt"/>
        <line num="25" count="3" type="stmt"/>
        <line num="27" count="2" type="stmt"/>
        <line num="32" count="5" type="stmt"/>
        <line num="33" count="3" type="stmt"/>
        <line num="36" count="2" type="stmt"/>
        <line num="41" count="5" type="stmt"/>
        <line num="42" count="2" type="stmt"/>
        <line num="44" count="2" type="stmt"/>
        <line num="46" count="1" type="stmt"/>
        <line num="52" count="1" type="stmt"/>
        <line num="55" count="1" type="cond" truecount="1" falsecount="1"/>
        <line num="56" count="1" type="stmt"/>
        <line num="63" count="5" type="stmt"/>
        <line num="64" count="2" type="stmt"/>
        <line num="66" count="2" type="stmt"/>
        <line num="72" count="1" type="stmt"/>
        <line num="78" count="1" type="stmt"/>
        <line num="81" count="1" type="cond" truecount="1" falsecount="1"/>
        <line num="82" count="1" type="stmt"/>
        <line num="83" count="1" type="cond" truecount="1" falsecount="1"/>
        <line num="90" count="1" type="stmt"/>
        <line num="98" count="5" type="stmt"/>
        <line num="99" count="2" type="stmt"/>
        <line num="101" count="2" type="stmt"/>
        <line num="103" count="1" type="stmt"/>
        <line num="106" count="1" type="stmt"/>
        <line num="109" count="1" type="cond" truecount="1" falsecount="1"/>
        <line num="110" count="1" type="stmt"/>
      </file>
    </package>
    <package name="utils">
      <metrics statements="48" coveredstatements="33" conditionals="22" coveredconditionals="12" methods="10" coveredmethods="6"/>
      <file name="httpClient.ts" path="D:\react-native-training\expo-grocery-app\utils\httpClient.ts">
        <metrics statements="28" coveredstatements="28" conditionals="10" coveredconditionals="10" methods="5" coveredmethods="5"/>
        <line num="3" count="4" type="stmt"/>
        <line num="4" count="2" type="stmt"/>
        <line num="6" count="2" type="cond" truecount="2" falsecount="0"/>
        <line num="7" count="1" type="stmt"/>
        <line num="10" count="1" type="stmt"/>
        <line num="12" count="1" type="stmt"/>
        <line num="15" count="4" type="stmt"/>
        <line num="16" count="2" type="stmt"/>
        <line num="24" count="2" type="stmt"/>
        <line num="25" count="2" type="cond" truecount="2" falsecount="0"/>
        <line num="26" count="1" type="stmt"/>
        <line num="29" count="1" type="stmt"/>
        <line num="32" count="4" type="stmt"/>
        <line num="33" count="2" type="stmt"/>
        <line num="41" count="2" type="cond" truecount="2" falsecount="0"/>
        <line num="42" count="1" type="stmt"/>
        <line num="43" count="1" type="stmt"/>
        <line num="47" count="4" type="stmt"/>
        <line num="48" count="2" type="stmt"/>
        <line num="56" count="2" type="stmt"/>
        <line num="58" count="2" type="cond" truecount="2" falsecount="0"/>
        <line num="59" count="1" type="stmt"/>
        <line num="62" count="1" type="stmt"/>
        <line num="65" count="4" type="stmt"/>
        <line num="66" count="2" type="stmt"/>
        <line num="70" count="2" type="cond" truecount="2" falsecount="0"/>
        <line num="71" count="1" type="stmt"/>
        <line num="72" count="1" type="stmt"/>
      </file>
      <file name="index.ts" path="D:\react-native-training\expo-grocery-app\utils\index.ts">
        <metrics statements="0" coveredstatements="0" conditionals="0" coveredconditionals="0" methods="0" coveredmethods="0"/>
      </file>
      <file name="notifications.ts" path="D:\react-native-training\expo-grocery-app\utils\notifications.ts">
        <metrics statements="17" coveredstatements="2" conditionals="10" coveredconditionals="0" methods="4" coveredmethods="0"/>
        <line num="5" count="3" type="stmt"/>
        <line num="6" count="0" type="cond" truecount="0" falsecount="2"/>
        <line num="7" count="0" type="stmt"/>
        <line num="8" count="0" type="stmt"/>
        <line num="16" count="0" type="cond" truecount="0" falsecount="2"/>
        <line num="18" count="0" type="stmt"/>
        <line num="19" count="0" type="stmt"/>
        <line num="21" count="0" type="cond" truecount="0" falsecount="2"/>
        <line num="22" count="0" type="stmt"/>
        <line num="23" count="0" type="stmt"/>
        <line num="26" count="0" type="cond" truecount="0" falsecount="2"/>
        <line num="27" count="0" type="stmt"/>
        <line num="28" count="0" type="stmt"/>
        <line num="32" count="3" type="stmt"/>
        <line num="33" count="0" type="stmt"/>
        <line num="34" count="0" type="stmt"/>
        <line num="49" count="0" type="stmt"/>
      </file>
      <file name="validation.ts" path="D:\react-native-training\expo-grocery-app\utils\validation.ts">
        <metrics statements="3" coveredstatements="3" conditionals="2" coveredconditionals="2" methods="1" coveredmethods="1"/>
        <line num="3" count="4" type="stmt"/>
        <line num="4" count="4" type="cond" truecount="2" falsecount="0"/>
        <line num="5" count="3" type="stmt"/>
      </file>
    </package>
  </project>
</coverage>
