{"D:\\react-native-training\\expo-grocery-app\\components\\index.ts": {"path":"D:\\react-native-training\\expo-grocery-app\\components\\index.ts","statementMap":{},"fnMap":{},"branchMap":{},"s":{},"f":{},"b":{},"_coverageSchema":"1a1c01bbd47fc00a2c39e90264f33305004495a9","hash":"d22fa8546c67ea03611e6cde175f40ac384e9b4e"}
,"D:\\react-native-training\\expo-grocery-app\\components\\BannerCard\\index.tsx": {"path":"D:\\react-native-training\\expo-grocery-app\\components\\BannerCard\\index.tsx","statementMap":{"0":{"start":{"line":16,"column":19},"end":{"line":34,"column":1}},"1":{"start":{"line":17,"column":2},"end":{"line":33,"column":4}},"2":{"start":{"line":38,"column":15},"end":{"line":77,"column":2}}},"fnMap":{"0":{"name":"(anonymous_0)","decl":{"start":{"line":16,"column":19},"end":{"line":16,"column":20}},"loc":{"start":{"line":16,"column":58},"end":{"line":34,"column":1}},"line":16}},"branchMap":{},"s":{"0":6,"1":3,"2":6},"f":{"0":3},"b":{},"_coverageSchema":"1a1c01bbd47fc00a2c39e90264f33305004495a9","hash":"b34d3fe107e895ebbab866959a8e1a2970e92bdd"}
,"D:\\react-native-training\\expo-grocery-app\\components\\BannerList\\index.tsx": {"path":"D:\\react-native-training\\expo-grocery-app\\components\\BannerList\\index.tsx","statementMap":{"0":{"start":{"line":15,"column":19},"end":{"line":29,"column":1}},"1":{"start":{"line":16,"column":2},"end":{"line":28,"column":4}},"2":{"start":{"line":24,"column":10},"end":{"line":24,"column":64}},"3":{"start":{"line":33,"column":15},"end":{"line":41,"column":2}}},"fnMap":{"0":{"name":"(anonymous_0)","decl":{"start":{"line":15,"column":19},"end":{"line":15,"column":20}},"loc":{"start":{"line":15,"column":50},"end":{"line":29,"column":1}},"line":15},"1":{"name":"(anonymous_1)","decl":{"start":{"line":23,"column":18},"end":{"line":23,"column":19}},"loc":{"start":{"line":24,"column":10},"end":{"line":24,"column":64}},"line":24}},"branchMap":{},"s":{"0":5,"1":1,"2":2,"3":5},"f":{"0":1,"1":2},"b":{},"_coverageSchema":"1a1c01bbd47fc00a2c39e90264f33305004495a9","hash":"922cc43783309ea4591582ff1a9f7e4c50b9e828"}
,"D:\\react-native-training\\expo-grocery-app\\components\\Button\\index.tsx": {"path":"D:\\react-native-training\\expo-grocery-app\\components\\Button\\index.tsx","statementMap":{"0":{"start":{"line":31,"column":15},"end":{"line":63,"column":1}},"1":{"start":{"line":41,"column":2},"end":{"line":62,"column":4}},"2":{"start":{"line":43,"column":30},"end":{"line":50,"column":7}},"3":{"start":{"line":67,"column":22},"end":{"line":84,"column":2}},"4":{"start":{"line":86,"column":30},"end":{"line":103,"column":2}},"5":{"start":{"line":105,"column":27},"end":{"line":122,"column":2}},"6":{"start":{"line":124,"column":31},"end":{"line":137,"column":2}},"7":{"start":{"line":139,"column":30},"end":{"line":160,"column":2}}},"fnMap":{"0":{"name":"(anonymous_0)","decl":{"start":{"line":31,"column":15},"end":{"line":31,"column":16}},"loc":{"start":{"line":40,"column":19},"end":{"line":63,"column":1}},"line":40},"1":{"name":"(anonymous_1)","decl":{"start":{"line":43,"column":13},"end":{"line":43,"column":14}},"loc":{"start":{"line":43,"column":30},"end":{"line":50,"column":7}},"line":43}},"branchMap":{"0":{"loc":{"start":{"line":32,"column":2},"end":{"line":32,"column":21}},"type":"default-arg","locations":[{"start":{"line":32,"column":12},"end":{"line":32,"column":21}}],"line":32},"1":{"loc":{"start":{"line":33,"column":2},"end":{"line":33,"column":15}},"type":"default-arg","locations":[{"start":{"line":33,"column":9},"end":{"line":33,"column":15}}],"line":33},"2":{"loc":{"start":{"line":36,"column":2},"end":{"line":36,"column":18}},"type":"default-arg","locations":[{"start":{"line":36,"column":13},"end":{"line":36,"column":18}}],"line":36},"3":{"loc":{"start":{"line":47,"column":8},"end":{"line":47,"column":50}},"type":"binary-expr","locations":[{"start":{"line":47,"column":9},"end":{"line":47,"column":17}},{"start":{"line":47,"column":21},"end":{"line":47,"column":30}},{"start":{"line":47,"column":35},"end":{"line":47,"column":50}}],"line":47},"4":{"loc":{"start":{"line":48,"column":8},"end":{"line":48,"column":33}},"type":"binary-expr","locations":[{"start":{"line":48,"column":8},"end":{"line":48,"column":15}},{"start":{"line":48,"column":19},"end":{"line":48,"column":33}}],"line":48},"5":{"loc":{"start":{"line":51,"column":16},"end":{"line":51,"column":37}},"type":"binary-expr","locations":[{"start":{"line":51,"column":16},"end":{"line":51,"column":24}},{"start":{"line":51,"column":28},"end":{"line":51,"column":37}}],"line":51},"6":{"loc":{"start":{"line":60,"column":7},"end":{"line":60,"column":68}},"type":"binary-expr","locations":[{"start":{"line":60,"column":7},"end":{"line":60,"column":16}},{"start":{"line":60,"column":20},"end":{"line":60,"column":68}}],"line":60}},"s":{"0":7,"1":17,"2":17,"3":7,"4":7,"5":7,"6":7,"7":7},"f":{"0":17,"1":17},"b":{"0":[17],"1":[14],"2":[7],"3":[17,15,3],"4":[17,0],"5":[17,15],"6":[17,1]},"_coverageSchema":"1a1c01bbd47fc00a2c39e90264f33305004495a9","hash":"9e2ead3b5d596961b8ca43954e7e0bb580d28608"}
,"D:\\react-native-training\\expo-grocery-app\\components\\Camera\\index.tsx": {"path":"D:\\react-native-training\\expo-grocery-app\\components\\Camera\\index.tsx","statementMap":{"0":{"start":{"line":14,"column":15},"end":{"line":38,"column":1}},"1":{"start":{"line":21,"column":2},"end":{"line":37,"column":4}},"2":{"start":{"line":42,"column":15},"end":{"line":65,"column":2}}},"fnMap":{"0":{"name":"(anonymous_0)","decl":{"start":{"line":14,"column":15},"end":{"line":14,"column":16}},"loc":{"start":{"line":20,"column":19},"end":{"line":38,"column":1}},"line":20}},"branchMap":{},"s":{"0":5,"1":4,"2":5},"f":{"0":4},"b":{},"_coverageSchema":"1a1c01bbd47fc00a2c39e90264f33305004495a9","hash":"27dc492c37b31de22eafcf0499306a0a1e44c67c"}
,"D:\\react-native-training\\expo-grocery-app\\components\\CategoryList\\index.tsx": {"path":"D:\\react-native-training\\expo-grocery-app\\components\\CategoryList\\index.tsx","statementMap":{"0":{"start":{"line":22,"column":21},"end":{"line":52,"column":1}},"1":{"start":{"line":23,"column":22},"end":{"line":23,"column":52}},"2":{"start":{"line":24,"column":20},"end":{"line":24,"column":39}},"3":{"start":{"line":26,"column":2},"end":{"line":51,"column":4}},"4":{"start":{"line":29,"column":28},"end":{"line":29,"column":50}},"5":{"start":{"line":29,"column":34},"end":{"line":29,"column":50}},"6":{"start":{"line":30,"column":8},"end":{"line":48,"column":10}},"7":{"start":{"line":54,"column":15},"end":{"line":81,"column":2}}},"fnMap":{"0":{"name":"(anonymous_0)","decl":{"start":{"line":22,"column":21},"end":{"line":22,"column":22}},"loc":{"start":{"line":22,"column":63},"end":{"line":52,"column":1}},"line":22},"1":{"name":"(anonymous_1)","decl":{"start":{"line":28,"column":16},"end":{"line":28,"column":17}},"loc":{"start":{"line":28,"column":26},"end":{"line":49,"column":7}},"line":28},"2":{"name":"(anonymous_2)","decl":{"start":{"line":29,"column":28},"end":{"line":29,"column":29}},"loc":{"start":{"line":29,"column":34},"end":{"line":29,"column":50}},"line":29}},"branchMap":{},"s":{"0":5,"1":2,"2":2,"3":2,"4":16,"5":1,"6":16,"7":5},"f":{"0":2,"1":16,"2":1},"b":{},"_coverageSchema":"1a1c01bbd47fc00a2c39e90264f33305004495a9","hash":"93e15063adb88a146b107f95df9f4e73d925b540"}
,"D:\\react-native-training\\expo-grocery-app\\components\\Input\\index.tsx": {"path":"D:\\react-native-training\\expo-grocery-app\\components\\Input\\index.tsx","statementMap":{"0":{"start":{"line":32,"column":14},"end":{"line":97,"column":1}},"1":{"start":{"line":52,"column":4},"end":{"line":95,"column":6}},"2":{"start":{"line":99,"column":0},"end":{"line":99,"column":28}},"3":{"start":{"line":103,"column":22},"end":{"line":125,"column":2}},"4":{"start":{"line":127,"column":29},"end":{"line":153,"column":2}},"5":{"start":{"line":155,"column":37},"end":{"line":159,"column":1}}},"fnMap":{"0":{"name":"(anonymous_0)","decl":{"start":{"line":33,"column":2},"end":{"line":33,"column":3}},"loc":{"start":{"line":51,"column":7},"end":{"line":96,"column":3}},"line":51}},"branchMap":{"0":{"loc":{"start":{"line":37,"column":6},"end":{"line":37,"column":24}},"type":"default-arg","locations":[{"start":{"line":37,"column":16},"end":{"line":37,"column":24}}],"line":37},"1":{"loc":{"start":{"line":43,"column":6},"end":{"line":43,"column":29}},"type":"default-arg","locations":[{"start":{"line":43,"column":24},"end":{"line":43,"column":29}}],"line":43},"2":{"loc":{"start":{"line":54,"column":9},"end":{"line":58,"column":9}},"type":"binary-expr","locations":[{"start":{"line":54,"column":9},"end":{"line":54,"column":14}},{"start":{"line":55,"column":10},"end":{"line":57,"column":17}}],"line":54},"3":{"loc":{"start":{"line":65,"column":12},"end":{"line":65,"column":39}},"type":"binary-expr","locations":[{"start":{"line":65,"column":12},"end":{"line":65,"column":20}},{"start":{"line":65,"column":24},"end":{"line":65,"column":39}}],"line":65},"4":{"loc":{"start":{"line":75,"column":9},"end":{"line":75,"column":68}},"type":"binary-expr","locations":[{"start":{"line":75,"column":9},"end":{"line":75,"column":17}},{"start":{"line":75,"column":21},"end":{"line":75,"column":68}}],"line":75},"5":{"loc":{"start":{"line":76,"column":9},"end":{"line":87,"column":12}},"type":"binary-expr","locations":[{"start":{"line":76,"column":9},"end":{"line":76,"column":18}},{"start":{"line":77,"column":11},"end":{"line":87,"column":11}}],"line":76},"6":{"loc":{"start":{"line":77,"column":11},"end":{"line":87,"column":11}},"type":"cond-expr","locations":[{"start":{"line":78,"column":12},"end":{"line":84,"column":31}},{"start":{"line":86,"column":12},"end":{"line":86,"column":61}}],"line":77},"7":{"loc":{"start":{"line":89,"column":9},"end":{"line":93,"column":9}},"type":"binary-expr","locations":[{"start":{"line":89,"column":9},"end":{"line":89,"column":21}},{"start":{"line":90,"column":10},"end":{"line":92,"column":17}}],"line":89}},"s":{"0":5,"1":53,"2":5,"3":5,"4":5,"5":5},"f":{"0":53},"b":{"0":[8],"1":[53],"2":[53,46],"3":[53,1],"4":[53,1],"5":[53,2],"6":[1,1],"7":[53,1]},"_coverageSchema":"1a1c01bbd47fc00a2c39e90264f33305004495a9","hash":"fb37ebfd2ab2196b5998bd7c1d43ea10292bc921"}
,"D:\\react-native-training\\expo-grocery-app\\components\\ProductCard\\index.tsx": {"path":"D:\\react-native-training\\expo-grocery-app\\components\\ProductCard\\index.tsx","statementMap":{"0":{"start":{"line":19,"column":20},"end":{"line":86,"column":1}},"1":{"start":{"line":31,"column":22},"end":{"line":31,"column":39}},"2":{"start":{"line":31,"column":28},"end":{"line":31,"column":39}},"3":{"start":{"line":32,"column":21},"end":{"line":34,"column":3}},"4":{"start":{"line":33,"column":4},"end":{"line":33,"column":25}},"5":{"start":{"line":35,"column":23},"end":{"line":37,"column":3}},"6":{"start":{"line":36,"column":4},"end":{"line":36,"column":29}},"7":{"start":{"line":39,"column":2},"end":{"line":85,"column":4}},"8":{"start":{"line":88,"column":15},"end":{"line":163,"column":2}}},"fnMap":{"0":{"name":"(anonymous_0)","decl":{"start":{"line":19,"column":20},"end":{"line":19,"column":21}},"loc":{"start":{"line":30,"column":24},"end":{"line":86,"column":1}},"line":30},"1":{"name":"(anonymous_1)","decl":{"start":{"line":31,"column":22},"end":{"line":31,"column":23}},"loc":{"start":{"line":31,"column":28},"end":{"line":31,"column":39}},"line":31},"2":{"name":"(anonymous_2)","decl":{"start":{"line":32,"column":21},"end":{"line":32,"column":22}},"loc":{"start":{"line":32,"column":27},"end":{"line":34,"column":3}},"line":32},"3":{"name":"(anonymous_3)","decl":{"start":{"line":35,"column":23},"end":{"line":35,"column":24}},"loc":{"start":{"line":35,"column":29},"end":{"line":37,"column":3}},"line":35}},"branchMap":{"0":{"loc":{"start":{"line":26,"column":2},"end":{"line":26,"column":19}},"type":"default-arg","locations":[{"start":{"line":26,"column":14},"end":{"line":26,"column":19}}],"line":26},"1":{"loc":{"start":{"line":33,"column":4},"end":{"line":33,"column":24}},"type":"binary-expr","locations":[{"start":{"line":33,"column":4},"end":{"line":33,"column":10}},{"start":{"line":33,"column":14},"end":{"line":33,"column":24}}],"line":33},"2":{"loc":{"start":{"line":36,"column":4},"end":{"line":36,"column":28}},"type":"binary-expr","locations":[{"start":{"line":36,"column":4},"end":{"line":36,"column":12}},{"start":{"line":36,"column":16},"end":{"line":36,"column":28}}],"line":36},"3":{"loc":{"start":{"line":51,"column":9},"end":{"line":60,"column":9}},"type":"binary-expr","locations":[{"start":{"line":51,"column":9},"end":{"line":51,"column":18}},{"start":{"line":52,"column":10},"end":{"line":59,"column":17}}],"line":51},"4":{"loc":{"start":{"line":77,"column":13},"end":{"line":77,"column":79}},"type":"cond-expr","locations":[{"start":{"line":77,"column":24},"end":{"line":77,"column":72}},{"start":{"line":77,"column":75},"end":{"line":77,"column":79}}],"line":77}},"s":{"0":4,"1":17,"2":2,"3":17,"4":1,"5":17,"6":1,"7":17,"8":4},"f":{"0":17,"1":2,"2":1,"3":1},"b":{"0":[0],"1":[1,1],"2":[1,1],"3":[17,3],"4":[17,0]},"_coverageSchema":"1a1c01bbd47fc00a2c39e90264f33305004495a9","hash":"b88cde24411937351061ad1d6c283e19e7a63a1f"}
,"D:\\react-native-training\\expo-grocery-app\\components\\ProductForm\\index.tsx": {"path":"D:\\react-native-training\\expo-grocery-app\\components\\ProductForm\\index.tsx","statementMap":{"0":{"start":{"line":47,"column":25},"end":{"line":57,"column":1}},"1":{"start":{"line":59,"column":20},"end":{"line":244,"column":1}},"2":{"start":{"line":65,"column":28},"end":{"line":65,"column":57}},"3":{"start":{"line":67,"column":4},"end":{"line":69,"column":6}},"4":{"start":{"line":82,"column":6},"end":{"line":82,"column":34}},"5":{"start":{"line":84,"column":22},"end":{"line":87,"column":3}},"6":{"start":{"line":89,"column":32},"end":{"line":105,"column":3}},"7":{"start":{"line":90,"column":4},"end":{"line":104,"column":6}},"8":{"start":{"line":107,"column":34},"end":{"line":113,"column":3}},"9":{"start":{"line":108,"column":4},"end":{"line":111,"column":5}},"10":{"start":{"line":109,"column":6},"end":{"line":109,"column":48}},"11":{"start":{"line":110,"column":6},"end":{"line":110,"column":13}},"12":{"start":{"line":112,"column":4},"end":{"line":112,"column":38}},"13":{"start":{"line":115,"column":21},"end":{"line":217,"column":3}},"14":{"start":{"line":116,"column":4},"end":{"line":216,"column":11}},"15":{"start":{"line":131,"column":10},"end":{"line":140,"column":17}},"16":{"start":{"line":136,"column":29},"end":{"line":136,"column":46}},"17":{"start":{"line":152,"column":10},"end":{"line":203,"column":11}},"18":{"start":{"line":162,"column":16},"end":{"line":171,"column":18}},"19":{"start":{"line":168,"column":20},"end":{"line":168,"column":69}},"20":{"start":{"line":169,"column":20},"end":{"line":169,"column":35}},"21":{"start":{"line":184,"column":16},"end":{"line":200,"column":18}},"22":{"start":{"line":197,"column":20},"end":{"line":197,"column":69}},"23":{"start":{"line":198,"column":20},"end":{"line":198,"column":35}},"24":{"start":{"line":219,"column":2},"end":{"line":243,"column":4}},"25":{"start":{"line":230,"column":34},"end":{"line":230,"column":42}},"26":{"start":{"line":248,"column":15},"end":{"line":338,"column":2}}},"fnMap":{"0":{"name":"(anonymous_0)","decl":{"start":{"line":59,"column":20},"end":{"line":59,"column":21}},"loc":{"start":{"line":64,"column":24},"end":{"line":244,"column":1}},"line":64},"1":{"name":"(anonymous_1)","decl":{"start":{"line":89,"column":32},"end":{"line":89,"column":33}},"loc":{"start":{"line":89,"column":38},"end":{"line":105,"column":3}},"line":89},"2":{"name":"(anonymous_2)","decl":{"start":{"line":107,"column":34},"end":{"line":107,"column":35}},"loc":{"start":{"line":107,"column":65},"end":{"line":113,"column":3}},"line":107},"3":{"name":"(anonymous_3)","decl":{"start":{"line":115,"column":21},"end":{"line":115,"column":22}},"loc":{"start":{"line":116,"column":4},"end":{"line":216,"column":11}},"line":116},"4":{"name":"(anonymous_4)","decl":{"start":{"line":130,"column":20},"end":{"line":130,"column":21}},"loc":{"start":{"line":131,"column":10},"end":{"line":140,"column":17}},"line":131},"5":{"name":"(anonymous_5)","decl":{"start":{"line":136,"column":23},"end":{"line":136,"column":24}},"loc":{"start":{"line":136,"column":29},"end":{"line":136,"column":46}},"line":136},"6":{"name":"(anonymous_6)","decl":{"start":{"line":151,"column":33},"end":{"line":151,"column":34}},"loc":{"start":{"line":152,"column":10},"end":{"line":203,"column":11}},"line":152},"7":{"name":"(anonymous_7)","decl":{"start":{"line":158,"column":22},"end":{"line":158,"column":23}},"loc":{"start":{"line":162,"column":16},"end":{"line":171,"column":18}},"line":162},"8":{"name":"(anonymous_8)","decl":{"start":{"line":167,"column":28},"end":{"line":167,"column":29}},"loc":{"start":{"line":167,"column":38},"end":{"line":170,"column":19}},"line":167},"9":{"name":"(anonymous_9)","decl":{"start":{"line":180,"column":22},"end":{"line":180,"column":23}},"loc":{"start":{"line":184,"column":16},"end":{"line":200,"column":18}},"line":184},"10":{"name":"(anonymous_10)","decl":{"start":{"line":196,"column":32},"end":{"line":196,"column":33}},"loc":{"start":{"line":196,"column":42},"end":{"line":199,"column":19}},"line":196},"11":{"name":"(anonymous_11)","decl":{"start":{"line":230,"column":24},"end":{"line":230,"column":25}},"loc":{"start":{"line":230,"column":34},"end":{"line":230,"column":42}},"line":230}},"branchMap":{"0":{"loc":{"start":{"line":60,"column":2},"end":{"line":60,"column":19}},"type":"default-arg","locations":[{"start":{"line":60,"column":14},"end":{"line":60,"column":19}}],"line":60},"1":{"loc":{"start":{"line":61,"column":2},"end":{"line":61,"column":16}},"type":"default-arg","locations":[{"start":{"line":61,"column":11},"end":{"line":61,"column":16}}],"line":61},"2":{"loc":{"start":{"line":62,"column":2},"end":{"line":62,"column":25}},"type":"default-arg","locations":[{"start":{"line":62,"column":9},"end":{"line":62,"column":25}}],"line":62},"3":{"loc":{"start":{"line":108,"column":4},"end":{"line":111,"column":5}},"type":"if","locations":[{"start":{"line":108,"column":4},"end":{"line":111,"column":5}},{"start":{},"end":{}}],"line":108},"4":{"loc":{"start":{"line":119,"column":9},"end":{"line":129,"column":9}},"type":"binary-expr","locations":[{"start":{"line":119,"column":9},"end":{"line":119,"column":26}},{"start":{"line":120,"column":10},"end":{"line":128,"column":29}}],"line":119},"5":{"loc":{"start":{"line":142,"column":9},"end":{"line":146,"column":9}},"type":"binary-expr","locations":[{"start":{"line":142,"column":9},"end":{"line":142,"column":14}},{"start":{"line":143,"column":10},"end":{"line":145,"column":17}}],"line":142},"6":{"loc":{"start":{"line":152,"column":10},"end":{"line":203,"column":11}},"type":"cond-expr","locations":[{"start":{"line":153,"column":12},"end":{"line":173,"column":14}},{"start":{"line":175,"column":12},"end":{"line":202,"column":14}}],"line":152},"7":{"loc":{"start":{"line":191,"column":20},"end":{"line":193,"column":33}},"type":"cond-expr","locations":[{"start":{"line":192,"column":24},"end":{"line":192,"column":33}},{"start":{"line":193,"column":24},"end":{"line":193,"column":33}}],"line":191},"8":{"loc":{"start":{"line":191,"column":20},"end":{"line":191,"column":72}},"type":"binary-expr","locations":[{"start":{"line":191,"column":20},"end":{"line":191,"column":41}},{"start":{"line":191,"column":45},"end":{"line":191,"column":72}}],"line":191},"9":{"loc":{"start":{"line":210,"column":17},"end":{"line":210,"column":56}},"type":"cond-expr","locations":[{"start":{"line":210,"column":26},"end":{"line":210,"column":40}},{"start":{"line":210,"column":43},"end":{"line":210,"column":56}}],"line":210},"10":{"loc":{"start":{"line":222,"column":18},"end":{"line":222,"column":62}},"type":"cond-expr","locations":[{"start":{"line":222,"column":42},"end":{"line":222,"column":51}},{"start":{"line":222,"column":54},"end":{"line":222,"column":62}}],"line":222},"11":{"loc":{"start":{"line":233,"column":7},"end":{"line":241,"column":7}},"type":"binary-expr","locations":[{"start":{"line":233,"column":7},"end":{"line":233,"column":17}},{"start":{"line":234,"column":8},"end":{"line":240,"column":10}}],"line":233}},"s":{"0":4,"1":4,"2":9,"3":9,"4":9,"5":9,"6":9,"7":0,"8":9,"9":1,"10":1,"11":1,"12":0,"13":9,"14":9,"15":1,"16":1,"17":72,"18":27,"19":0,"20":0,"21":45,"22":5,"23":5,"24":9,"25":12,"26":4},"f":{"0":9,"1":0,"2":1,"3":9,"4":1,"5":1,"6":72,"7":27,"8":0,"9":45,"10":5,"11":12},"b":{"0":[0],"1":[0],"2":[0],"3":[1,0],"4":[9,9],"5":[9,1],"6":[27,45],"7":[18,27],"8":[45,36],"9":[0,9],"10":[9,0],"11":[9,0]},"_coverageSchema":"1a1c01bbd47fc00a2c39e90264f33305004495a9","hash":"77be70cd535ed7906ea4ef9f1657735b3ef29e6b"}
,"D:\\react-native-training\\expo-grocery-app\\components\\ProductList\\index.tsx": {"path":"D:\\react-native-training\\expo-grocery-app\\components\\ProductList\\index.tsx","statementMap":{"0":{"start":{"line":17,"column":20},"end":{"line":55,"column":1}},"1":{"start":{"line":25,"column":26},"end":{"line":25,"column":69}},"2":{"start":{"line":25,"column":57},"end":{"line":25,"column":64}},"3":{"start":{"line":26,"column":21},"end":{"line":42,"column":3}},"4":{"start":{"line":28,"column":6},"end":{"line":39,"column":8}},"5":{"start":{"line":43,"column":2},"end":{"line":54,"column":4}},"6":{"start":{"line":57,"column":15},"end":{"line":61,"column":2}}},"fnMap":{"0":{"name":"(anonymous_0)","decl":{"start":{"line":17,"column":20},"end":{"line":17,"column":21}},"loc":{"start":{"line":24,"column":24},"end":{"line":55,"column":1}},"line":24},"1":{"name":"(anonymous_1)","decl":{"start":{"line":25,"column":38},"end":{"line":25,"column":39}},"loc":{"start":{"line":25,"column":57},"end":{"line":25,"column":64}},"line":25},"2":{"name":"(anonymous_2)","decl":{"start":{"line":27,"column":4},"end":{"line":27,"column":5}},"loc":{"start":{"line":28,"column":6},"end":{"line":39,"column":8}},"line":28}},"branchMap":{"0":{"loc":{"start":{"line":19,"column":2},"end":{"line":19,"column":16}},"type":"default-arg","locations":[{"start":{"line":19,"column":11},"end":{"line":19,"column":16}}],"line":19},"1":{"loc":{"start":{"line":20,"column":2},"end":{"line":20,"column":19}},"type":"default-arg","locations":[{"start":{"line":20,"column":14},"end":{"line":20,"column":19}}],"line":20},"2":{"loc":{"start":{"line":50,"column":18},"end":{"line":50,"column":32}},"type":"cond-expr","locations":[{"start":{"line":50,"column":27},"end":{"line":50,"column":28}},{"start":{"line":50,"column":31},"end":{"line":50,"column":32}}],"line":50},"3":{"loc":{"start":{"line":51,"column":26},"end":{"line":51,"column":67}},"type":"cond-expr","locations":[{"start":{"line":51,"column":35},"end":{"line":51,"column":55}},{"start":{"line":51,"column":58},"end":{"line":51,"column":67}}],"line":51}},"s":{"0":4,"1":4,"2":17,"3":4,"4":12,"5":4,"6":4},"f":{"0":4,"1":17,"2":12},"b":{"0":[0],"1":[4],"2":[1,3],"3":[1,3]},"_coverageSchema":"1a1c01bbd47fc00a2c39e90264f33305004495a9","hash":"03eb6225965f26be11cc4595449c81d27ed204c3"}
,"D:\\react-native-training\\expo-grocery-app\\components\\Select\\index.tsx": {"path":"D:\\react-native-training\\expo-grocery-app\\components\\Select\\index.tsx","statementMap":{"0":{"start":{"line":23,"column":15},"end":{"line":92,"column":1}},"1":{"start":{"line":30,"column":30},"end":{"line":30,"column":45}},"2":{"start":{"line":32,"column":30},"end":{"line":34,"column":3}},"3":{"start":{"line":33,"column":4},"end":{"line":33,"column":21}},"4":{"start":{"line":36,"column":29},"end":{"line":38,"column":3}},"5":{"start":{"line":37,"column":4},"end":{"line":37,"column":20}},"6":{"start":{"line":40,"column":23},"end":{"line":43,"column":3}},"7":{"start":{"line":41,"column":4},"end":{"line":41,"column":19}},"8":{"start":{"line":42,"column":4},"end":{"line":42,"column":26}},"9":{"start":{"line":45,"column":14},"end":{"line":45,"column":59}},"10":{"start":{"line":45,"column":42},"end":{"line":45,"column":58}},"11":{"start":{"line":47,"column":2},"end":{"line":91,"column":4}},"12":{"start":{"line":77,"column":38},"end":{"line":77,"column":48}},"13":{"start":{"line":79,"column":16},"end":{"line":84,"column":35}},"14":{"start":{"line":81,"column":33},"end":{"line":81,"column":57}},"15":{"start":{"line":95,"column":15},"end":{"line":136,"column":2}}},"fnMap":{"0":{"name":"(anonymous_0)","decl":{"start":{"line":23,"column":15},"end":{"line":23,"column":16}},"loc":{"start":{"line":29,"column":21},"end":{"line":92,"column":1}},"line":29},"1":{"name":"(anonymous_1)","decl":{"start":{"line":32,"column":30},"end":{"line":32,"column":31}},"loc":{"start":{"line":32,"column":36},"end":{"line":34,"column":3}},"line":32},"2":{"name":"(anonymous_2)","decl":{"start":{"line":36,"column":29},"end":{"line":36,"column":30}},"loc":{"start":{"line":36,"column":35},"end":{"line":38,"column":3}},"line":36},"3":{"name":"(anonymous_3)","decl":{"start":{"line":40,"column":23},"end":{"line":40,"column":24}},"loc":{"start":{"line":40,"column":41},"end":{"line":43,"column":3}},"line":40},"4":{"name":"(anonymous_4)","decl":{"start":{"line":45,"column":36},"end":{"line":45,"column":37}},"loc":{"start":{"line":45,"column":42},"end":{"line":45,"column":58}},"line":45},"5":{"name":"(anonymous_5)","decl":{"start":{"line":77,"column":28},"end":{"line":77,"column":29}},"loc":{"start":{"line":77,"column":38},"end":{"line":77,"column":48}},"line":77},"6":{"name":"(anonymous_6)","decl":{"start":{"line":78,"column":26},"end":{"line":78,"column":27}},"loc":{"start":{"line":79,"column":16},"end":{"line":84,"column":35}},"line":79},"7":{"name":"(anonymous_7)","decl":{"start":{"line":81,"column":27},"end":{"line":81,"column":28}},"loc":{"start":{"line":81,"column":33},"end":{"line":81,"column":57}},"line":81}},"branchMap":{"0":{"loc":{"start":{"line":26,"column":2},"end":{"line":26,"column":34}},"type":"default-arg","locations":[{"start":{"line":26,"column":16},"end":{"line":26,"column":34}}],"line":26},"1":{"loc":{"start":{"line":55,"column":27},"end":{"line":55,"column":47}},"type":"binary-expr","locations":[{"start":{"line":55,"column":27},"end":{"line":55,"column":32}},{"start":{"line":55,"column":36},"end":{"line":55,"column":47}}],"line":55},"2":{"loc":{"start":{"line":56,"column":17},"end":{"line":56,"column":35}},"type":"cond-expr","locations":[{"start":{"line":56,"column":26},"end":{"line":56,"column":29}},{"start":{"line":56,"column":32},"end":{"line":56,"column":35}}],"line":56},"3":{"loc":{"start":{"line":60,"column":9},"end":{"line":64,"column":9}},"type":"binary-expr","locations":[{"start":{"line":60,"column":9},"end":{"line":60,"column":21}},{"start":{"line":61,"column":10},"end":{"line":63,"column":17}}],"line":60}},"s":{"0":4,"1":37,"2":37,"3":2,"4":37,"5":3,"6":37,"7":2,"8":2,"9":37,"10":14,"11":37,"12":12,"13":9,"14":2,"15":4},"f":{"0":37,"1":2,"2":3,"3":2,"4":14,"5":12,"6":9,"7":2},"b":{"0":[1],"1":[37,16],"2":[3,34],"3":[37,1]},"_coverageSchema":"1a1c01bbd47fc00a2c39e90264f33305004495a9","hash":"43b4bd983a4ad83788051608408fa48380a19d46"}
,"D:\\react-native-training\\expo-grocery-app\\components\\StoreCard\\index.tsx": {"path":"D:\\react-native-training\\expo-grocery-app\\components\\StoreCard\\index.tsx","statementMap":{"0":{"start":{"line":11,"column":44},"end":{"line":28,"column":1}},"1":{"start":{"line":12,"column":2},"end":{"line":27,"column":4}},"2":{"start":{"line":30,"column":15},"end":{"line":67,"column":2}}},"fnMap":{"0":{"name":"(anonymous_0)","decl":{"start":{"line":11,"column":44},"end":{"line":11,"column":45}},"loc":{"start":{"line":11,"column":70},"end":{"line":28,"column":1}},"line":11}},"branchMap":{},"s":{"0":6,"1":3,"2":6},"f":{"0":3},"b":{},"_coverageSchema":"1a1c01bbd47fc00a2c39e90264f33305004495a9","hash":"3706f9cfef7c8b930021886b67eb10241a6a7d6d"}
,"D:\\react-native-training\\expo-grocery-app\\components\\StoreList\\index.tsx": {"path":"D:\\react-native-training\\expo-grocery-app\\components\\StoreList\\index.tsx","statementMap":{"0":{"start":{"line":16,"column":18},"end":{"line":34,"column":1}},"1":{"start":{"line":17,"column":26},"end":{"line":17,"column":67}},"2":{"start":{"line":17,"column":55},"end":{"line":17,"column":62}},"3":{"start":{"line":18,"column":21},"end":{"line":23,"column":3}},"4":{"start":{"line":20,"column":6},"end":{"line":20,"column":65}},"5":{"start":{"line":24,"column":2},"end":{"line":33,"column":4}}},"fnMap":{"0":{"name":"(anonymous_0)","decl":{"start":{"line":16,"column":18},"end":{"line":16,"column":19}},"loc":{"start":{"line":16,"column":50},"end":{"line":34,"column":1}},"line":16},"1":{"name":"(anonymous_1)","decl":{"start":{"line":17,"column":38},"end":{"line":17,"column":39}},"loc":{"start":{"line":17,"column":55},"end":{"line":17,"column":62}},"line":17},"2":{"name":"(anonymous_2)","decl":{"start":{"line":19,"column":4},"end":{"line":19,"column":5}},"loc":{"start":{"line":20,"column":6},"end":{"line":20,"column":65}},"line":20}},"branchMap":{},"s":{"0":5,"1":1,"2":3,"3":1,"4":2,"5":1},"f":{"0":1,"1":3,"2":2},"b":{},"_coverageSchema":"1a1c01bbd47fc00a2c39e90264f33305004495a9","hash":"a69f5a3ccc997c5425e0fe7cd5b296be8a7ae6dc"}
,"D:\\react-native-training\\expo-grocery-app\\components\\Text\\index.tsx": {"path":"D:\\react-native-training\\expo-grocery-app\\components\\Text\\index.tsx","statementMap":{"0":{"start":{"line":30,"column":20},"end":{"line":49,"column":1}},"1":{"start":{"line":38,"column":2},"end":{"line":48,"column":13}},"2":{"start":{"line":53,"column":27},"end":{"line":74,"column":2}},"3":{"start":{"line":76,"column":25},"end":{"line":101,"column":2}}},"fnMap":{"0":{"name":"(anonymous_0)","decl":{"start":{"line":30,"column":20},"end":{"line":30,"column":21}},"loc":{"start":{"line":38,"column":2},"end":{"line":48,"column":13}},"line":38}},"branchMap":{"0":{"loc":{"start":{"line":33,"column":2},"end":{"line":33,"column":13}},"type":"default-arg","locations":[{"start":{"line":33,"column":9},"end":{"line":33,"column":13}}],"line":33},"1":{"loc":{"start":{"line":34,"column":2},"end":{"line":34,"column":21}},"type":"default-arg","locations":[{"start":{"line":34,"column":12},"end":{"line":34,"column":21}}],"line":34},"2":{"loc":{"start":{"line":43,"column":12},"end":{"line":43,"column":30}},"type":"binary-expr","locations":[{"start":{"line":43,"column":12},"end":{"line":43,"column":17}},{"start":{"line":43,"column":21},"end":{"line":43,"column":30}}],"line":43}},"s":{"0":10,"1":210,"2":10,"3":10},"f":{"0":210},"b":{"0":[65],"1":[152],"2":[210,0]},"_coverageSchema":"1a1c01bbd47fc00a2c39e90264f33305004495a9","hash":"46a81d903aeba9c1018dd7a5f06be8de06d5deb9"}
,"D:\\react-native-training\\expo-grocery-app\\hooks\\index.ts": {"path":"D:\\react-native-training\\expo-grocery-app\\hooks\\index.ts","statementMap":{},"fnMap":{},"branchMap":{},"s":{},"f":{},"b":{},"_coverageSchema":"1a1c01bbd47fc00a2c39e90264f33305004495a9","hash":"97ca941f8b22c93c93f032d99adb7796740a0fdf"}
,"D:\\react-native-training\\expo-grocery-app\\hooks\\useAuths.ts": {"path":"D:\\react-native-training\\expo-grocery-app\\hooks\\useAuths.ts","statementMap":{"0":{"start":{"line":6,"column":23},"end":{"line":29,"column":1}},"1":{"start":{"line":11,"column":6},"end":{"line":22,"column":4}},"2":{"start":{"line":13,"column":23},"end":{"line":15,"column":7}},"3":{"start":{"line":16,"column":19},"end":{"line":16,"column":70}},"4":{"start":{"line":16,"column":49},"end":{"line":16,"column":69}},"5":{"start":{"line":17,"column":6},"end":{"line":19,"column":7}},"6":{"start":{"line":18,"column":8},"end":{"line":18,"column":55}},"7":{"start":{"line":20,"column":6},"end":{"line":20,"column":18}},"8":{"start":{"line":24,"column":2},"end":{"line":28,"column":4}}},"fnMap":{"0":{"name":"(anonymous_0)","decl":{"start":{"line":6,"column":23},"end":{"line":6,"column":24}},"loc":{"start":{"line":6,"column":29},"end":{"line":29,"column":1}},"line":6},"1":{"name":"(anonymous_1)","decl":{"start":{"line":12,"column":16},"end":{"line":12,"column":17}},"loc":{"start":{"line":12,"column":57},"end":{"line":21,"column":5}},"line":12},"2":{"name":"(anonymous_2)","decl":{"start":{"line":16,"column":33},"end":{"line":16,"column":34}},"loc":{"start":{"line":16,"column":49},"end":{"line":16,"column":69}},"line":16}},"branchMap":{"0":{"loc":{"start":{"line":17,"column":6},"end":{"line":19,"column":7}},"type":"if","locations":[{"start":{"line":17,"column":6},"end":{"line":19,"column":7}},{"start":{},"end":{}}],"line":17},"1":{"loc":{"start":{"line":27,"column":11},"end":{"line":27,"column":56}},"type":"cond-expr","locations":[{"start":{"line":27,"column":36},"end":{"line":27,"column":49}},{"start":{"line":27,"column":52},"end":{"line":27,"column":56}}],"line":27}},"s":{"0":4,"1":6,"2":3,"3":2,"4":1,"5":2,"6":1,"7":1,"8":6},"f":{"0":6,"1":3,"2":1},"b":{"0":[1,1],"1":[2,4]},"_coverageSchema":"1a1c01bbd47fc00a2c39e90264f33305004495a9","hash":"5a44ee5d58501eb911822481446e44298b2b86ea"}
,"D:\\react-native-training\\expo-grocery-app\\hooks\\useImage.ts": {"path":"D:\\react-native-training\\expo-grocery-app\\hooks\\useImage.ts","statementMap":{"0":{"start":{"line":8,"column":31},"end":{"line":75,"column":1}},"1":{"start":{"line":9,"column":30},"end":{"line":9,"column":54}},"2":{"start":{"line":10,"column":30},"end":{"line":10,"column":58}},"3":{"start":{"line":11,"column":38},"end":{"line":11,"column":53}},"4":{"start":{"line":12,"column":20},"end":{"line":12,"column":44}},"5":{"start":{"line":14,"column":54},"end":{"line":14,"column":76}},"6":{"start":{"line":16,"column":21},"end":{"line":23,"column":3}},"7":{"start":{"line":17,"column":4},"end":{"line":22,"column":5}},"8":{"start":{"line":18,"column":26},"end":{"line":18,"column":57}},"9":{"start":{"line":19,"column":6},"end":{"line":19,"column":39}},"10":{"start":{"line":19,"column":19},"end":{"line":19,"column":39}},"11":{"start":{"line":21,"column":6},"end":{"line":21,"column":26}},"12":{"start":{"line":25,"column":22},"end":{"line":33,"column":3}},"13":{"start":{"line":26,"column":4},"end":{"line":32,"column":5}},"14":{"start":{"line":27,"column":20},"end":{"line":27,"column":62}},"15":{"start":{"line":28,"column":6},"end":{"line":31,"column":7}},"16":{"start":{"line":29,"column":8},"end":{"line":29,"column":50}},"17":{"start":{"line":29,"column":28},"end":{"line":29,"column":48}},"18":{"start":{"line":30,"column":8},"end":{"line":30,"column":29}},"19":{"start":{"line":35,"column":20},"end":{"line":49,"column":3}},"20":{"start":{"line":36,"column":17},"end":{"line":41,"column":6}},"21":{"start":{"line":43,"column":4},"end":{"line":48,"column":5}},"22":{"start":{"line":44,"column":6},"end":{"line":47,"column":9}},"23":{"start":{"line":44,"column":26},"end":{"line":47,"column":7}},"24":{"start":{"line":46,"column":40},"end":{"line":46,"column":49}},"25":{"start":{"line":51,"column":22},"end":{"line":53,"column":3}},"26":{"start":{"line":52,"column":4},"end":{"line":52,"column":63}},"27":{"start":{"line":52,"column":24},"end":{"line":52,"column":61}},"28":{"start":{"line":52,"column":47},"end":{"line":52,"column":60}},"29":{"start":{"line":55,"column":29},"end":{"line":57,"column":3}},"30":{"start":{"line":56,"column":4},"end":{"line":56,"column":68}},"31":{"start":{"line":56,"column":28},"end":{"line":56,"column":65}},"32":{"start":{"line":59,"column":23},"end":{"line":61,"column":3}},"33":{"start":{"line":60,"column":4},"end":{"line":60,"column":35}},"34":{"start":{"line":60,"column":28},"end":{"line":60,"column":33}},"35":{"start":{"line":63,"column":2},"end":{"line":74,"column":4}},"36":{"start":{"line":77,"column":20},"end":{"line":101,"column":1}},"37":{"start":{"line":78,"column":19},"end":{"line":78,"column":33}},"38":{"start":{"line":80,"column":20},"end":{"line":84,"column":10}},"39":{"start":{"line":86,"column":2},"end":{"line":86,"column":38}},"40":{"start":{"line":87,"column":2},"end":{"line":87,"column":50}},"41":{"start":{"line":89,"column":19},"end":{"line":92,"column":4}},"42":{"start":{"line":94,"column":17},"end":{"line":94,"column":38}},"43":{"start":{"line":96,"column":2},"end":{"line":98,"column":3}},"44":{"start":{"line":97,"column":4},"end":{"line":97,"column":62}},"45":{"start":{"line":100,"column":2},"end":{"line":100,"column":25}},"46":{"start":{"line":103,"column":32},"end":{"line":109,"column":1}},"47":{"start":{"line":104,"column":2},"end":{"line":108,"column":5}},"48":{"start":{"line":106,"column":6},"end":{"line":106,"column":53}}},"fnMap":{"0":{"name":"(anonymous_0)","decl":{"start":{"line":8,"column":31},"end":{"line":8,"column":32}},"loc":{"start":{"line":8,"column":51},"end":{"line":75,"column":1}},"line":8},"1":{"name":"(anonymous_1)","decl":{"start":{"line":16,"column":21},"end":{"line":16,"column":22}},"loc":{"start":{"line":16,"column":33},"end":{"line":23,"column":3}},"line":16},"2":{"name":"(anonymous_2)","decl":{"start":{"line":25,"column":22},"end":{"line":25,"column":23}},"loc":{"start":{"line":25,"column":34},"end":{"line":33,"column":3}},"line":25},"3":{"name":"(anonymous_3)","decl":{"start":{"line":29,"column":18},"end":{"line":29,"column":19}},"loc":{"start":{"line":29,"column":28},"end":{"line":29,"column":48}},"line":29},"4":{"name":"(anonymous_4)","decl":{"start":{"line":35,"column":20},"end":{"line":35,"column":21}},"loc":{"start":{"line":35,"column":32},"end":{"line":49,"column":3}},"line":35},"5":{"name":"(anonymous_5)","decl":{"start":{"line":44,"column":16},"end":{"line":44,"column":17}},"loc":{"start":{"line":44,"column":26},"end":{"line":47,"column":7}},"line":44},"6":{"name":"(anonymous_6)","decl":{"start":{"line":46,"column":29},"end":{"line":46,"column":30}},"loc":{"start":{"line":46,"column":40},"end":{"line":46,"column":49}},"line":46},"7":{"name":"(anonymous_7)","decl":{"start":{"line":51,"column":22},"end":{"line":51,"column":23}},"loc":{"start":{"line":51,"column":39},"end":{"line":53,"column":3}},"line":51},"8":{"name":"(anonymous_8)","decl":{"start":{"line":52,"column":14},"end":{"line":52,"column":15}},"loc":{"start":{"line":52,"column":24},"end":{"line":52,"column":61}},"line":52},"9":{"name":"(anonymous_9)","decl":{"start":{"line":52,"column":36},"end":{"line":52,"column":37}},"loc":{"start":{"line":52,"column":47},"end":{"line":52,"column":60}},"line":52},"10":{"name":"(anonymous_10)","decl":{"start":{"line":55,"column":29},"end":{"line":55,"column":30}},"loc":{"start":{"line":55,"column":35},"end":{"line":57,"column":3}},"line":55},"11":{"name":"(anonymous_11)","decl":{"start":{"line":56,"column":14},"end":{"line":56,"column":15}},"loc":{"start":{"line":56,"column":28},"end":{"line":56,"column":65}},"line":56},"12":{"name":"(anonymous_12)","decl":{"start":{"line":59,"column":23},"end":{"line":59,"column":24}},"loc":{"start":{"line":59,"column":29},"end":{"line":61,"column":3}},"line":59},"13":{"name":"(anonymous_13)","decl":{"start":{"line":60,"column":18},"end":{"line":60,"column":19}},"loc":{"start":{"line":60,"column":28},"end":{"line":60,"column":33}},"line":60},"14":{"name":"(anonymous_14)","decl":{"start":{"line":77,"column":20},"end":{"line":77,"column":21}},"loc":{"start":{"line":77,"column":48},"end":{"line":101,"column":1}},"line":77},"15":{"name":"(anonymous_15)","decl":{"start":{"line":103,"column":32},"end":{"line":103,"column":33}},"loc":{"start":{"line":103,"column":38},"end":{"line":109,"column":1}},"line":103},"16":{"name":"(anonymous_16)","decl":{"start":{"line":105,"column":16},"end":{"line":105,"column":17}},"loc":{"start":{"line":105,"column":47},"end":{"line":107,"column":5}},"line":105}},"branchMap":{"0":{"loc":{"start":{"line":17,"column":4},"end":{"line":22,"column":5}},"type":"if","locations":[{"start":{"line":17,"column":4},"end":{"line":22,"column":5}},{"start":{"line":20,"column":11},"end":{"line":22,"column":5}}],"line":17},"1":{"loc":{"start":{"line":19,"column":6},"end":{"line":19,"column":39}},"type":"if","locations":[{"start":{"line":19,"column":6},"end":{"line":19,"column":39}},{"start":{},"end":{}}],"line":19},"2":{"loc":{"start":{"line":26,"column":4},"end":{"line":32,"column":5}},"type":"if","locations":[{"start":{"line":26,"column":4},"end":{"line":32,"column":5}},{"start":{},"end":{}}],"line":26},"3":{"loc":{"start":{"line":28,"column":6},"end":{"line":31,"column":7}},"type":"if","locations":[{"start":{"line":28,"column":6},"end":{"line":31,"column":7}},{"start":{},"end":{}}],"line":28},"4":{"loc":{"start":{"line":43,"column":4},"end":{"line":48,"column":5}},"type":"if","locations":[{"start":{"line":43,"column":4},"end":{"line":48,"column":5}},{"start":{},"end":{}}],"line":43},"5":{"loc":{"start":{"line":56,"column":28},"end":{"line":56,"column":65}},"type":"cond-expr","locations":[{"start":{"line":56,"column":49},"end":{"line":56,"column":56}},{"start":{"line":56,"column":59},"end":{"line":56,"column":65}}],"line":56},"6":{"loc":{"start":{"line":81,"column":9},"end":{"line":81,"column":75}},"type":"cond-expr","locations":[{"start":{"line":81,"column":33},"end":{"line":81,"column":64}},{"start":{"line":81,"column":67},"end":{"line":81,"column":75}}],"line":81},"7":{"loc":{"start":{"line":87,"column":25},"end":{"line":87,"column":48}},"type":"binary-expr","locations":[{"start":{"line":87,"column":25},"end":{"line":87,"column":42}},{"start":{"line":87,"column":46},"end":{"line":87,"column":48}}],"line":87},"8":{"loc":{"start":{"line":96,"column":2},"end":{"line":98,"column":3}},"type":"if","locations":[{"start":{"line":96,"column":2},"end":{"line":98,"column":3}},{"start":{},"end":{}}],"line":96},"9":{"loc":{"start":{"line":97,"column":20},"end":{"line":97,"column":60}},"type":"binary-expr","locations":[{"start":{"line":97,"column":20},"end":{"line":97,"column":41}},{"start":{"line":97,"column":45},"end":{"line":97,"column":60}}],"line":97}},"s":{"0":5,"1":17,"2":17,"3":17,"4":17,"5":17,"6":17,"7":2,"8":1,"9":1,"10":1,"11":1,"12":17,"13":1,"14":1,"15":1,"16":1,"17":1,"18":1,"19":17,"20":1,"21":1,"22":1,"23":1,"24":1,"25":17,"26":1,"27":1,"28":2,"29":17,"30":2,"31":2,"32":17,"33":2,"34":2,"35":17,"36":5,"37":0,"38":0,"39":0,"40":0,"41":0,"42":0,"43":0,"44":0,"45":0,"46":5,"47":0,"48":0},"f":{"0":17,"1":2,"2":1,"3":1,"4":1,"5":1,"6":1,"7":1,"8":1,"9":2,"10":2,"11":2,"12":2,"13":2,"14":0,"15":0,"16":0},"b":{"0":[1,1],"1":[1,0],"2":[1,0],"3":[1,0],"4":[1,0],"5":[1,1],"6":[0,0],"7":[0,0],"8":[0,0],"9":[0,0]},"_coverageSchema":"1a1c01bbd47fc00a2c39e90264f33305004495a9","hash":"d8744d84ba81b8c0071260d23201295947189ffc"}
,"D:\\react-native-training\\expo-grocery-app\\hooks\\useProducts.ts": {"path":"D:\\react-native-training\\expo-grocery-app\\hooks\\useProducts.ts","statementMap":{"0":{"start":{"line":7,"column":32},"end":{"line":13,"column":1}},"1":{"start":{"line":8,"column":2},"end":{"line":12,"column":5}},"2":{"start":{"line":10,"column":19},"end":{"line":10,"column":56}},"3":{"start":{"line":15,"column":44},"end":{"line":22,"column":1}},"4":{"start":{"line":16,"column":2},"end":{"line":21,"column":5}},"5":{"start":{"line":19,"column":6},"end":{"line":19,"column":70}},"6":{"start":{"line":24,"column":37},"end":{"line":30,"column":1}},"7":{"start":{"line":25,"column":2},"end":{"line":29,"column":5}},"8":{"start":{"line":27,"column":19},"end":{"line":27,"column":72}},"9":{"start":{"line":32,"column":41},"end":{"line":39,"column":1}},"10":{"start":{"line":33,"column":2},"end":{"line":38,"column":5}},"11":{"start":{"line":36,"column":6},"end":{"line":36,"column":67}},"12":{"start":{"line":41,"column":29},"end":{"line":61,"column":1}},"13":{"start":{"line":42,"column":22},"end":{"line":42,"column":38}},"14":{"start":{"line":44,"column":2},"end":{"line":60,"column":5}},"15":{"start":{"line":46,"column":6},"end":{"line":49,"column":8}},"16":{"start":{"line":52,"column":6},"end":{"line":58,"column":8}},"17":{"start":{"line":55,"column":10},"end":{"line":55,"column":44}},"18":{"start":{"line":55,"column":24},"end":{"line":55,"column":44}},"19":{"start":{"line":56,"column":10},"end":{"line":56,"column":42}},"20":{"start":{"line":63,"column":32},"end":{"line":96,"column":1}},"21":{"start":{"line":64,"column":22},"end":{"line":64,"column":38}},"22":{"start":{"line":66,"column":2},"end":{"line":95,"column":5}},"23":{"start":{"line":72,"column":6},"end":{"line":75,"column":8}},"24":{"start":{"line":78,"column":6},"end":{"line":88,"column":8}},"25":{"start":{"line":81,"column":10},"end":{"line":81,"column":39}},"26":{"start":{"line":81,"column":24},"end":{"line":81,"column":39}},"27":{"start":{"line":82,"column":10},"end":{"line":86,"column":12}},"28":{"start":{"line":83,"column":12},"end":{"line":85,"column":23}},"29":{"start":{"line":90,"column":6},"end":{"line":93,"column":8}},"30":{"start":{"line":98,"column":32},"end":{"line":115,"column":1}},"31":{"start":{"line":99,"column":22},"end":{"line":99,"column":38}},"32":{"start":{"line":101,"column":2},"end":{"line":114,"column":5}},"33":{"start":{"line":103,"column":6},"end":{"line":103,"column":70}},"34":{"start":{"line":106,"column":6},"end":{"line":112,"column":8}},"35":{"start":{"line":109,"column":10},"end":{"line":109,"column":39}},"36":{"start":{"line":109,"column":24},"end":{"line":109,"column":39}},"37":{"start":{"line":110,"column":10},"end":{"line":110,"column":64}},"38":{"start":{"line":110,"column":45},"end":{"line":110,"column":62}}},"fnMap":{"0":{"name":"(anonymous_0)","decl":{"start":{"line":7,"column":32},"end":{"line":7,"column":33}},"loc":{"start":{"line":7,"column":54},"end":{"line":13,"column":1}},"line":7},"1":{"name":"(anonymous_1)","decl":{"start":{"line":10,"column":13},"end":{"line":10,"column":14}},"loc":{"start":{"line":10,"column":19},"end":{"line":10,"column":56}},"line":10},"2":{"name":"(anonymous_2)","decl":{"start":{"line":15,"column":44},"end":{"line":15,"column":45}},"loc":{"start":{"line":15,"column":60},"end":{"line":22,"column":1}},"line":15},"3":{"name":"(anonymous_3)","decl":{"start":{"line":18,"column":13},"end":{"line":18,"column":14}},"loc":{"start":{"line":19,"column":6},"end":{"line":19,"column":70}},"line":19},"4":{"name":"(anonymous_4)","decl":{"start":{"line":24,"column":37},"end":{"line":24,"column":38}},"loc":{"start":{"line":24,"column":53},"end":{"line":30,"column":1}},"line":24},"5":{"name":"(anonymous_5)","decl":{"start":{"line":27,"column":13},"end":{"line":27,"column":14}},"loc":{"start":{"line":27,"column":19},"end":{"line":27,"column":72}},"line":27},"6":{"name":"(anonymous_6)","decl":{"start":{"line":32,"column":41},"end":{"line":32,"column":42}},"loc":{"start":{"line":32,"column":57},"end":{"line":39,"column":1}},"line":32},"7":{"name":"(anonymous_7)","decl":{"start":{"line":35,"column":13},"end":{"line":35,"column":14}},"loc":{"start":{"line":36,"column":6},"end":{"line":36,"column":67}},"line":36},"8":{"name":"(anonymous_8)","decl":{"start":{"line":41,"column":29},"end":{"line":41,"column":30}},"loc":{"start":{"line":41,"column":35},"end":{"line":61,"column":1}},"line":41},"9":{"name":"(anonymous_9)","decl":{"start":{"line":45,"column":16},"end":{"line":45,"column":17}},"loc":{"start":{"line":45,"column":42},"end":{"line":50,"column":5}},"line":45},"10":{"name":"(anonymous_10)","decl":{"start":{"line":51,"column":15},"end":{"line":51,"column":16}},"loc":{"start":{"line":51,"column":31},"end":{"line":59,"column":5}},"line":51},"11":{"name":"(anonymous_11)","decl":{"start":{"line":54,"column":8},"end":{"line":54,"column":9}},"loc":{"start":{"line":54,"column":21},"end":{"line":57,"column":9}},"line":54},"12":{"name":"(anonymous_12)","decl":{"start":{"line":63,"column":32},"end":{"line":63,"column":33}},"loc":{"start":{"line":63,"column":38},"end":{"line":96,"column":1}},"line":63},"13":{"name":"(anonymous_13)","decl":{"start":{"line":71,"column":16},"end":{"line":71,"column":17}},"loc":{"start":{"line":71,"column":34},"end":{"line":76,"column":5}},"line":71},"14":{"name":"(anonymous_14)","decl":{"start":{"line":77,"column":15},"end":{"line":77,"column":16}},"loc":{"start":{"line":77,"column":35},"end":{"line":94,"column":5}},"line":77},"15":{"name":"(anonymous_15)","decl":{"start":{"line":80,"column":8},"end":{"line":80,"column":9}},"loc":{"start":{"line":80,"column":21},"end":{"line":87,"column":9}},"line":80},"16":{"name":"(anonymous_16)","decl":{"start":{"line":82,"column":29},"end":{"line":82,"column":30}},"loc":{"start":{"line":83,"column":12},"end":{"line":85,"column":23}},"line":83},"17":{"name":"(anonymous_17)","decl":{"start":{"line":98,"column":32},"end":{"line":98,"column":33}},"loc":{"start":{"line":98,"column":38},"end":{"line":115,"column":1}},"line":98},"18":{"name":"(anonymous_18)","decl":{"start":{"line":102,"column":16},"end":{"line":102,"column":17}},"loc":{"start":{"line":102,"column":32},"end":{"line":104,"column":5}},"line":102},"19":{"name":"(anonymous_19)","decl":{"start":{"line":105,"column":15},"end":{"line":105,"column":16}},"loc":{"start":{"line":105,"column":26},"end":{"line":113,"column":5}},"line":105},"20":{"name":"(anonymous_20)","decl":{"start":{"line":108,"column":8},"end":{"line":108,"column":9}},"loc":{"start":{"line":108,"column":21},"end":{"line":111,"column":9}},"line":108},"21":{"name":"(anonymous_21)","decl":{"start":{"line":110,"column":32},"end":{"line":110,"column":33}},"loc":{"start":{"line":110,"column":45},"end":{"line":110,"column":62}},"line":110}},"branchMap":{"0":{"loc":{"start":{"line":55,"column":10},"end":{"line":55,"column":44}},"type":"if","locations":[{"start":{"line":55,"column":10},"end":{"line":55,"column":44}},{"start":{},"end":{}}],"line":55},"1":{"loc":{"start":{"line":81,"column":10},"end":{"line":81,"column":39}},"type":"if","locations":[{"start":{"line":81,"column":10},"end":{"line":81,"column":39}},{"start":{},"end":{}}],"line":81},"2":{"loc":{"start":{"line":83,"column":12},"end":{"line":85,"column":23}},"type":"cond-expr","locations":[{"start":{"line":84,"column":16},"end":{"line":84,"column":49}},{"start":{"line":85,"column":16},"end":{"line":85,"column":23}}],"line":83},"3":{"loc":{"start":{"line":109,"column":10},"end":{"line":109,"column":39}},"type":"if","locations":[{"start":{"line":109,"column":10},"end":{"line":109,"column":39}},{"start":{},"end":{}}],"line":109}},"s":{"0":5,"1":3,"2":2,"3":5,"4":3,"5":2,"6":5,"7":3,"8":2,"9":5,"10":3,"11":2,"12":5,"13":2,"14":2,"15":1,"16":1,"17":1,"18":0,"19":1,"20":5,"21":2,"22":2,"23":1,"24":1,"25":1,"26":0,"27":1,"28":1,"29":1,"30":5,"31":2,"32":2,"33":1,"34":1,"35":1,"36":0,"37":1,"38":1},"f":{"0":3,"1":2,"2":3,"3":2,"4":3,"5":2,"6":3,"7":2,"8":2,"9":1,"10":1,"11":1,"12":2,"13":1,"14":1,"15":1,"16":1,"17":2,"18":1,"19":1,"20":1,"21":1},"b":{"0":[0,1],"1":[0,1],"2":[0,1],"3":[0,1]},"_coverageSchema":"1a1c01bbd47fc00a2c39e90264f33305004495a9","hash":"36285e04bfa628c9e7be47e847cf81e288b78f5f"}
,"D:\\react-native-training\\expo-grocery-app\\utils\\httpClient.ts": {"path":"D:\\react-native-training\\expo-grocery-app\\utils\\httpClient.ts","statementMap":{"0":{"start":{"line":3,"column":19},"end":{"line":13,"column":1}},"1":{"start":{"line":4,"column":19},"end":{"line":4,"column":35}},"2":{"start":{"line":6,"column":2},"end":{"line":8,"column":3}},"3":{"start":{"line":7,"column":4},"end":{"line":7,"column":49}},"4":{"start":{"line":10,"column":23},"end":{"line":10,"column":44}},"5":{"start":{"line":12,"column":2},"end":{"line":12,"column":22}},"6":{"start":{"line":15,"column":20},"end":{"line":30,"column":1}},"7":{"start":{"line":16,"column":19},"end":{"line":22,"column":4}},"8":{"start":{"line":24,"column":23},"end":{"line":24,"column":44}},"9":{"start":{"line":25,"column":2},"end":{"line":27,"column":3}},"10":{"start":{"line":26,"column":4},"end":{"line":26,"column":73}},"11":{"start":{"line":29,"column":2},"end":{"line":29,"column":29}},"12":{"start":{"line":32,"column":19},"end":{"line":45,"column":1}},"13":{"start":{"line":33,"column":19},"end":{"line":39,"column":4}},"14":{"start":{"line":41,"column":2},"end":{"line":44,"column":3}},"15":{"start":{"line":42,"column":25},"end":{"line":42,"column":46}},"16":{"start":{"line":43,"column":4},"end":{"line":43,"column":73}},"17":{"start":{"line":47,"column":21},"end":{"line":63,"column":1}},"18":{"start":{"line":48,"column":19},"end":{"line":54,"column":4}},"19":{"start":{"line":56,"column":23},"end":{"line":56,"column":44}},"20":{"start":{"line":58,"column":2},"end":{"line":60,"column":3}},"21":{"start":{"line":59,"column":4},"end":{"line":59,"column":73}},"22":{"start":{"line":62,"column":2},"end":{"line":62,"column":22}},"23":{"start":{"line":65,"column":22},"end":{"line":74,"column":1}},"24":{"start":{"line":66,"column":19},"end":{"line":68,"column":4}},"25":{"start":{"line":70,"column":2},"end":{"line":73,"column":3}},"26":{"start":{"line":71,"column":25},"end":{"line":71,"column":46}},"27":{"start":{"line":72,"column":4},"end":{"line":72,"column":73}}},"fnMap":{"0":{"name":"(anonymous_0)","decl":{"start":{"line":3,"column":19},"end":{"line":3,"column":20}},"loc":{"start":{"line":3,"column":57},"end":{"line":13,"column":1}},"line":3},"1":{"name":"(anonymous_1)","decl":{"start":{"line":15,"column":20},"end":{"line":15,"column":21}},"loc":{"start":{"line":15,"column":78},"end":{"line":30,"column":1}},"line":15},"2":{"name":"(anonymous_2)","decl":{"start":{"line":32,"column":19},"end":{"line":32,"column":20}},"loc":{"start":{"line":32,"column":69},"end":{"line":45,"column":1}},"line":32},"3":{"name":"(anonymous_3)","decl":{"start":{"line":47,"column":21},"end":{"line":47,"column":22}},"loc":{"start":{"line":47,"column":79},"end":{"line":63,"column":1}},"line":47},"4":{"name":"(anonymous_4)","decl":{"start":{"line":65,"column":22},"end":{"line":65,"column":23}},"loc":{"start":{"line":65,"column":60},"end":{"line":74,"column":1}},"line":65}},"branchMap":{"0":{"loc":{"start":{"line":6,"column":2},"end":{"line":8,"column":3}},"type":"if","locations":[{"start":{"line":6,"column":2},"end":{"line":8,"column":3}},{"start":{},"end":{}}],"line":6},"1":{"loc":{"start":{"line":25,"column":2},"end":{"line":27,"column":3}},"type":"if","locations":[{"start":{"line":25,"column":2},"end":{"line":27,"column":3}},{"start":{},"end":{}}],"line":25},"2":{"loc":{"start":{"line":41,"column":2},"end":{"line":44,"column":3}},"type":"if","locations":[{"start":{"line":41,"column":2},"end":{"line":44,"column":3}},{"start":{},"end":{}}],"line":41},"3":{"loc":{"start":{"line":58,"column":2},"end":{"line":60,"column":3}},"type":"if","locations":[{"start":{"line":58,"column":2},"end":{"line":60,"column":3}},{"start":{},"end":{}}],"line":58},"4":{"loc":{"start":{"line":70,"column":2},"end":{"line":73,"column":3}},"type":"if","locations":[{"start":{"line":70,"column":2},"end":{"line":73,"column":3}},{"start":{},"end":{}}],"line":70}},"s":{"0":4,"1":2,"2":2,"3":1,"4":1,"5":1,"6":4,"7":2,"8":2,"9":2,"10":1,"11":1,"12":4,"13":2,"14":2,"15":1,"16":1,"17":4,"18":2,"19":2,"20":2,"21":1,"22":1,"23":4,"24":2,"25":2,"26":1,"27":1},"f":{"0":2,"1":2,"2":2,"3":2,"4":2},"b":{"0":[1,1],"1":[1,1],"2":[1,1],"3":[1,1],"4":[1,1]},"_coverageSchema":"1a1c01bbd47fc00a2c39e90264f33305004495a9","hash":"290eaea572c4c70de5ee648d2674090eca12b378"}
,"D:\\react-native-training\\expo-grocery-app\\utils\\index.ts": {"path":"D:\\react-native-training\\expo-grocery-app\\utils\\index.ts","statementMap":{},"fnMap":{},"branchMap":{},"s":{},"f":{},"b":{},"_coverageSchema":"1a1c01bbd47fc00a2c39e90264f33305004495a9","hash":"77ea924b26333da1a9dfa28564a878d6d6c649bd"}
,"D:\\react-native-training\\expo-grocery-app\\utils\\notifications.ts": {"path":"D:\\react-native-training\\expo-grocery-app\\utils\\notifications.ts","statementMap":{"0":{"start":{"line":5,"column":49},"end":{"line":30,"column":1}},"1":{"start":{"line":6,"column":2},"end":{"line":14,"column":3}},"2":{"start":{"line":7,"column":4},"end":{"line":7,"column":50}},"3":{"start":{"line":8,"column":4},"end":{"line":13,"column":7}},"4":{"start":{"line":16,"column":2},"end":{"line":16,"column":31}},"5":{"start":{"line":16,"column":24},"end":{"line":16,"column":31}},"6":{"start":{"line":18,"column":37},"end":{"line":18,"column":78}},"7":{"start":{"line":19,"column":20},"end":{"line":19,"column":34}},"8":{"start":{"line":21,"column":2},"end":{"line":24,"column":3}},"9":{"start":{"line":22,"column":23},"end":{"line":22,"column":68}},"10":{"start":{"line":23,"column":4},"end":{"line":23,"column":25}},"11":{"start":{"line":26,"column":2},"end":{"line":29,"column":3}},"12":{"start":{"line":27,"column":4},"end":{"line":27,"column":61}},"13":{"start":{"line":28,"column":4},"end":{"line":28,"column":11}},"14":{"start":{"line":32,"column":40},"end":{"line":40,"column":1}},"15":{"start":{"line":33,"column":2},"end":{"line":39,"column":5}},"16":{"start":{"line":34,"column":37},"end":{"line":38,"column":5}},"17":{"start":{"line":49,"column":2},"end":{"line":62,"column":5}}},"fnMap":{"0":{"name":"(anonymous_0)","decl":{"start":{"line":5,"column":49},"end":{"line":5,"column":50}},"loc":{"start":{"line":5,"column":61},"end":{"line":30,"column":1}},"line":5},"1":{"name":"(anonymous_1)","decl":{"start":{"line":32,"column":40},"end":{"line":32,"column":41}},"loc":{"start":{"line":32,"column":46},"end":{"line":40,"column":1}},"line":32},"2":{"name":"(anonymous_2)","decl":{"start":{"line":34,"column":24},"end":{"line":34,"column":25}},"loc":{"start":{"line":34,"column":37},"end":{"line":38,"column":5}},"line":34},"3":{"name":"scheduleNotification","decl":{"start":{"line":42,"column":22},"end":{"line":42,"column":42}},"loc":{"start":{"line":48,"column":2},"end":{"line":63,"column":1}},"line":48}},"branchMap":{"0":{"loc":{"start":{"line":6,"column":2},"end":{"line":14,"column":3}},"type":"if","locations":[{"start":{"line":6,"column":2},"end":{"line":14,"column":3}},{"start":{},"end":{}}],"line":6},"1":{"loc":{"start":{"line":16,"column":2},"end":{"line":16,"column":31}},"type":"if","locations":[{"start":{"line":16,"column":2},"end":{"line":16,"column":31}},{"start":{},"end":{}}],"line":16},"2":{"loc":{"start":{"line":21,"column":2},"end":{"line":24,"column":3}},"type":"if","locations":[{"start":{"line":21,"column":2},"end":{"line":24,"column":3}},{"start":{},"end":{}}],"line":21},"3":{"loc":{"start":{"line":26,"column":2},"end":{"line":29,"column":3}},"type":"if","locations":[{"start":{"line":26,"column":2},"end":{"line":29,"column":3}},{"start":{},"end":{}}],"line":26},"4":{"loc":{"start":{"line":60,"column":15},"end":{"line":60,"column":32}},"type":"binary-expr","locations":[{"start":{"line":60,"column":15},"end":{"line":60,"column":27}},{"start":{"line":60,"column":31},"end":{"line":60,"column":32}}],"line":60}},"s":{"0":3,"1":0,"2":0,"3":0,"4":0,"5":0,"6":0,"7":0,"8":0,"9":0,"10":0,"11":0,"12":0,"13":0,"14":3,"15":0,"16":0,"17":0},"f":{"0":0,"1":0,"2":0,"3":0},"b":{"0":[0,0],"1":[0,0],"2":[0,0],"3":[0,0],"4":[0,0]},"_coverageSchema":"1a1c01bbd47fc00a2c39e90264f33305004495a9","hash":"5482cecf80e61035efea45e04625d381fa0fd389"}
,"D:\\react-native-training\\expo-grocery-app\\utils\\validation.ts": {"path":"D:\\react-native-training\\expo-grocery-app\\utils\\validation.ts","statementMap":{"0":{"start":{"line":3,"column":26},"end":{"line":7,"column":1}},"1":{"start":{"line":4,"column":2},"end":{"line":6,"column":3}},"2":{"start":{"line":5,"column":4},"end":{"line":5,"column":32}}},"fnMap":{"0":{"name":"(anonymous_0)","decl":{"start":{"line":3,"column":26},"end":{"line":3,"column":27}},"loc":{"start":{"line":3,"column":45},"end":{"line":7,"column":1}},"line":3}},"branchMap":{"0":{"loc":{"start":{"line":4,"column":2},"end":{"line":6,"column":3}},"type":"if","locations":[{"start":{"line":4,"column":2},"end":{"line":6,"column":3}},{"start":{},"end":{}}],"line":4}},"s":{"0":4,"1":4,"2":3},"f":{"0":4},"b":{"0":[3,1]},"_coverageSchema":"1a1c01bbd47fc00a2c39e90264f33305004495a9","hash":"db1af50290708691765866ddac72189d1b56383e"}
}
