TN:
SF:components\index.ts
FNF:0
FNH:0
LF:0
LH:0
BRF:0
BRH:0
end_of_record
TN:
SF:components\BannerCard\index.tsx
FN:16,(anonymous_0)
FNF:1
FNH:1
FNDA:3,(anonymous_0)
DA:16,6
DA:17,3
DA:38,6
LF:3
LH:3
BRF:0
BRH:0
end_of_record
TN:
SF:components\BannerList\index.tsx
FN:15,(anonymous_0)
FN:23,(anonymous_1)
FNF:2
FNH:2
FNDA:1,(anonymous_0)
FNDA:2,(anonymous_1)
DA:15,5
DA:16,1
DA:24,2
DA:33,5
LF:4
LH:4
BRF:0
BRH:0
end_of_record
TN:
SF:components\Button\index.tsx
FN:31,(anonymous_0)
FN:43,(anonymous_1)
FNF:2
FNH:2
FNDA:17,(anonymous_0)
FNDA:17,(anonymous_1)
DA:31,7
DA:41,17
DA:43,17
DA:67,7
DA:86,7
DA:105,7
DA:124,7
DA:139,7
LF:8
LH:8
BRDA:32,0,0,17
BRDA:33,1,0,14
BRDA:36,2,0,7
BRDA:47,3,0,17
BRDA:47,3,1,15
BRDA:47,3,2,3
BRDA:48,4,0,17
BRDA:48,4,1,0
BRDA:51,5,0,17
BRDA:51,5,1,15
BRDA:60,6,0,17
BRDA:60,6,1,1
BRF:12
BRH:11
end_of_record
TN:
SF:components\Camera\index.tsx
FN:14,(anonymous_0)
FNF:1
FNH:1
FNDA:4,(anonymous_0)
DA:14,5
DA:21,4
DA:42,5
LF:3
LH:3
BRF:0
BRH:0
end_of_record
TN:
SF:components\CategoryList\index.tsx
FN:22,(anonymous_0)
FN:28,(anonymous_1)
FN:29,(anonymous_2)
FNF:3
FNH:3
FNDA:2,(anonymous_0)
FNDA:16,(anonymous_1)
FNDA:1,(anonymous_2)
DA:22,5
DA:23,2
DA:24,2
DA:26,2
DA:29,16
DA:30,16
DA:54,5
LF:7
LH:7
BRF:0
BRH:0
end_of_record
TN:
SF:components\Input\index.tsx
FN:33,(anonymous_0)
FNF:1
FNH:1
FNDA:53,(anonymous_0)
DA:32,5
DA:52,53
DA:99,5
DA:103,5
DA:127,5
DA:155,5
LF:6
LH:6
BRDA:37,0,0,8
BRDA:43,1,0,53
BRDA:54,2,0,53
BRDA:54,2,1,46
BRDA:65,3,0,53
BRDA:65,3,1,1
BRDA:75,4,0,53
BRDA:75,4,1,1
BRDA:76,5,0,53
BRDA:76,5,1,2
BRDA:77,6,0,1
BRDA:77,6,1,1
BRDA:89,7,0,53
BRDA:89,7,1,1
BRF:14
BRH:14
end_of_record
TN:
SF:components\ProductCard\index.tsx
FN:19,(anonymous_0)
FN:31,(anonymous_1)
FN:32,(anonymous_2)
FN:35,(anonymous_3)
FNF:4
FNH:4
FNDA:17,(anonymous_0)
FNDA:2,(anonymous_1)
FNDA:1,(anonymous_2)
FNDA:1,(anonymous_3)
DA:19,4
DA:31,17
DA:32,17
DA:33,1
DA:35,17
DA:36,1
DA:39,17
DA:88,4
LF:8
LH:8
BRDA:26,0,0,0
BRDA:33,1,0,1
BRDA:33,1,1,1
BRDA:36,2,0,1
BRDA:36,2,1,1
BRDA:51,3,0,17
BRDA:51,3,1,3
BRDA:77,4,0,17
BRDA:77,4,1,0
BRF:9
BRH:7
end_of_record
TN:
SF:components\ProductForm\index.tsx
FN:59,(anonymous_0)
FN:89,(anonymous_1)
FN:107,(anonymous_2)
FN:115,(anonymous_3)
FN:130,(anonymous_4)
FN:136,(anonymous_5)
FN:151,(anonymous_6)
FN:158,(anonymous_7)
FN:167,(anonymous_8)
FN:180,(anonymous_9)
FN:196,(anonymous_10)
FN:230,(anonymous_11)
FNF:12
FNH:10
FNDA:9,(anonymous_0)
FNDA:0,(anonymous_1)
FNDA:1,(anonymous_2)
FNDA:9,(anonymous_3)
FNDA:1,(anonymous_4)
FNDA:1,(anonymous_5)
FNDA:72,(anonymous_6)
FNDA:27,(anonymous_7)
FNDA:0,(anonymous_8)
FNDA:45,(anonymous_9)
FNDA:5,(anonymous_10)
FNDA:12,(anonymous_11)
DA:47,4
DA:59,4
DA:65,9
DA:67,9
DA:82,9
DA:84,9
DA:89,9
DA:90,0
DA:107,9
DA:108,1
DA:109,1
DA:110,1
DA:112,0
DA:115,9
DA:116,9
DA:131,1
DA:136,1
DA:152,72
DA:162,27
DA:168,0
DA:169,0
DA:184,45
DA:197,5
DA:198,5
DA:219,9
DA:230,12
DA:248,4
LF:27
LH:23
BRDA:60,0,0,0
BRDA:61,1,0,0
BRDA:62,2,0,0
BRDA:108,3,0,1
BRDA:108,3,1,0
BRDA:119,4,0,9
BRDA:119,4,1,9
BRDA:142,5,0,9
BRDA:142,5,1,1
BRDA:152,6,0,27
BRDA:152,6,1,45
BRDA:191,7,0,18
BRDA:191,7,1,27
BRDA:191,8,0,45
BRDA:191,8,1,36
BRDA:210,9,0,0
BRDA:210,9,1,9
BRDA:222,10,0,9
BRDA:222,10,1,0
BRDA:233,11,0,9
BRDA:233,11,1,0
BRF:21
BRH:14
end_of_record
TN:
SF:components\ProductList\index.tsx
FN:17,(anonymous_0)
FN:25,(anonymous_1)
FN:27,(anonymous_2)
FNF:3
FNH:3
FNDA:4,(anonymous_0)
FNDA:17,(anonymous_1)
FNDA:12,(anonymous_2)
DA:17,4
DA:25,17
DA:26,4
DA:28,12
DA:43,4
DA:57,4
LF:6
LH:6
BRDA:19,0,0,0
BRDA:20,1,0,4
BRDA:50,2,0,1
BRDA:50,2,1,3
BRDA:51,3,0,1
BRDA:51,3,1,3
BRF:6
BRH:5
end_of_record
TN:
SF:components\Select\index.tsx
FN:23,(anonymous_0)
FN:32,(anonymous_1)
FN:36,(anonymous_2)
FN:40,(anonymous_3)
FN:45,(anonymous_4)
FN:77,(anonymous_5)
FN:78,(anonymous_6)
FN:81,(anonymous_7)
FNF:8
FNH:8
FNDA:37,(anonymous_0)
FNDA:2,(anonymous_1)
FNDA:3,(anonymous_2)
FNDA:2,(anonymous_3)
FNDA:14,(anonymous_4)
FNDA:12,(anonymous_5)
FNDA:9,(anonymous_6)
FNDA:2,(anonymous_7)
DA:23,4
DA:30,37
DA:32,37
DA:33,2
DA:36,37
DA:37,3
DA:40,37
DA:41,2
DA:42,2
DA:45,37
DA:47,37
DA:77,12
DA:79,9
DA:81,2
DA:95,4
LF:15
LH:15
BRDA:26,0,0,1
BRDA:55,1,0,37
BRDA:55,1,1,16
BRDA:56,2,0,3
BRDA:56,2,1,34
BRDA:60,3,0,37
BRDA:60,3,1,1
BRF:7
BRH:7
end_of_record
TN:
SF:components\StoreCard\index.tsx
FN:11,(anonymous_0)
FNF:1
FNH:1
FNDA:3,(anonymous_0)
DA:11,6
DA:12,3
DA:30,6
LF:3
LH:3
BRF:0
BRH:0
end_of_record
TN:
SF:components\StoreList\index.tsx
FN:16,(anonymous_0)
FN:17,(anonymous_1)
FN:19,(anonymous_2)
FNF:3
FNH:3
FNDA:1,(anonymous_0)
FNDA:3,(anonymous_1)
FNDA:2,(anonymous_2)
DA:16,5
DA:17,3
DA:18,1
DA:20,2
DA:24,1
LF:5
LH:5
BRF:0
BRH:0
end_of_record
TN:
SF:components\Text\index.tsx
FN:30,(anonymous_0)
FNF:1
FNH:1
FNDA:210,(anonymous_0)
DA:30,10
DA:38,210
DA:53,10
DA:76,10
LF:4
LH:4
BRDA:33,0,0,65
BRDA:34,1,0,152
BRDA:43,2,0,210
BRDA:43,2,1,0
BRF:4
BRH:3
end_of_record
TN:
SF:hooks\index.ts
FNF:0
FNH:0
LF:0
LH:0
BRF:0
BRH:0
end_of_record
TN:
SF:hooks\useAuths.ts
FN:6,(anonymous_0)
FN:12,(anonymous_1)
FN:16,(anonymous_2)
FNF:3
FNH:3
FNDA:6,(anonymous_0)
FNDA:3,(anonymous_1)
FNDA:1,(anonymous_2)
DA:6,4
DA:11,6
DA:13,3
DA:16,2
DA:17,2
DA:18,1
DA:20,1
DA:24,6
LF:8
LH:8
BRDA:17,0,0,1
BRDA:17,0,1,1
BRDA:27,1,0,2
BRDA:27,1,1,4
BRF:4
BRH:4
end_of_record
TN:
SF:hooks\useImage.ts
FN:8,(anonymous_0)
FN:16,(anonymous_1)
FN:25,(anonymous_2)
FN:29,(anonymous_3)
FN:35,(anonymous_4)
FN:44,(anonymous_5)
FN:46,(anonymous_6)
FN:51,(anonymous_7)
FN:52,(anonymous_8)
FN:52,(anonymous_9)
FN:55,(anonymous_10)
FN:56,(anonymous_11)
FN:59,(anonymous_12)
FN:60,(anonymous_13)
FN:77,(anonymous_14)
FN:103,(anonymous_15)
FN:105,(anonymous_16)
FNF:17
FNH:14
FNDA:17,(anonymous_0)
FNDA:2,(anonymous_1)
FNDA:1,(anonymous_2)
FNDA:1,(anonymous_3)
FNDA:1,(anonymous_4)
FNDA:1,(anonymous_5)
FNDA:1,(anonymous_6)
FNDA:1,(anonymous_7)
FNDA:1,(anonymous_8)
FNDA:2,(anonymous_9)
FNDA:2,(anonymous_10)
FNDA:2,(anonymous_11)
FNDA:2,(anonymous_12)
FNDA:2,(anonymous_13)
FNDA:0,(anonymous_14)
FNDA:0,(anonymous_15)
FNDA:0,(anonymous_16)
DA:8,5
DA:9,17
DA:10,17
DA:11,17
DA:12,17
DA:14,17
DA:16,17
DA:17,2
DA:18,1
DA:19,1
DA:21,1
DA:25,17
DA:26,1
DA:27,1
DA:28,1
DA:29,1
DA:30,1
DA:35,17
DA:36,1
DA:43,1
DA:44,1
DA:46,1
DA:51,17
DA:52,2
DA:55,17
DA:56,2
DA:59,17
DA:60,2
DA:63,17
DA:77,5
DA:78,0
DA:80,0
DA:86,0
DA:87,0
DA:89,0
DA:94,0
DA:96,0
DA:97,0
DA:100,0
DA:103,5
DA:104,0
DA:106,0
LF:42
LH:31
BRDA:17,0,0,1
BRDA:17,0,1,1
BRDA:19,1,0,1
BRDA:19,1,1,0
BRDA:26,2,0,1
BRDA:26,2,1,0
BRDA:28,3,0,1
BRDA:28,3,1,0
BRDA:43,4,0,1
BRDA:43,4,1,0
BRDA:56,5,0,1
BRDA:56,5,1,1
BRDA:81,6,0,0
BRDA:81,6,1,0
BRDA:87,7,0,0
BRDA:87,7,1,0
BRDA:96,8,0,0
BRDA:96,8,1,0
BRDA:97,9,0,0
BRDA:97,9,1,0
BRF:20
BRH:8
end_of_record
TN:
SF:hooks\useProducts.ts
FN:7,(anonymous_0)
FN:10,(anonymous_1)
FN:15,(anonymous_2)
FN:18,(anonymous_3)
FN:24,(anonymous_4)
FN:27,(anonymous_5)
FN:32,(anonymous_6)
FN:35,(anonymous_7)
FN:41,(anonymous_8)
FN:45,(anonymous_9)
FN:51,(anonymous_10)
FN:54,(anonymous_11)
FN:63,(anonymous_12)
FN:71,(anonymous_13)
FN:77,(anonymous_14)
FN:80,(anonymous_15)
FN:82,(anonymous_16)
FN:98,(anonymous_17)
FN:102,(anonymous_18)
FN:105,(anonymous_19)
FN:108,(anonymous_20)
FN:110,(anonymous_21)
FNF:22
FNH:22
FNDA:3,(anonymous_0)
FNDA:2,(anonymous_1)
FNDA:3,(anonymous_2)
FNDA:2,(anonymous_3)
FNDA:3,(anonymous_4)
FNDA:2,(anonymous_5)
FNDA:3,(anonymous_6)
FNDA:2,(anonymous_7)
FNDA:2,(anonymous_8)
FNDA:1,(anonymous_9)
FNDA:1,(anonymous_10)
FNDA:1,(anonymous_11)
FNDA:2,(anonymous_12)
FNDA:1,(anonymous_13)
FNDA:1,(anonymous_14)
FNDA:1,(anonymous_15)
FNDA:1,(anonymous_16)
FNDA:2,(anonymous_17)
FNDA:1,(anonymous_18)
FNDA:1,(anonymous_19)
FNDA:1,(anonymous_20)
FNDA:1,(anonymous_21)
DA:7,5
DA:8,3
DA:10,2
DA:15,5
DA:16,3
DA:19,2
DA:24,5
DA:25,3
DA:27,2
DA:32,5
DA:33,3
DA:36,2
DA:41,5
DA:42,2
DA:44,2
DA:46,1
DA:52,1
DA:55,1
DA:56,1
DA:63,5
DA:64,2
DA:66,2
DA:72,1
DA:78,1
DA:81,1
DA:82,1
DA:83,1
DA:90,1
DA:98,5
DA:99,2
DA:101,2
DA:103,1
DA:106,1
DA:109,1
DA:110,1
LF:35
LH:35
BRDA:55,0,0,0
BRDA:55,0,1,1
BRDA:81,1,0,0
BRDA:81,1,1,1
BRDA:83,2,0,0
BRDA:83,2,1,1
BRDA:109,3,0,0
BRDA:109,3,1,1
BRF:8
BRH:4
end_of_record
TN:
SF:utils\httpClient.ts
FN:3,(anonymous_0)
FN:15,(anonymous_1)
FN:32,(anonymous_2)
FN:47,(anonymous_3)
FN:65,(anonymous_4)
FNF:5
FNH:5
FNDA:2,(anonymous_0)
FNDA:2,(anonymous_1)
FNDA:2,(anonymous_2)
FNDA:2,(anonymous_3)
FNDA:2,(anonymous_4)
DA:3,4
DA:4,2
DA:6,2
DA:7,1
DA:10,1
DA:12,1
DA:15,4
DA:16,2
DA:24,2
DA:25,2
DA:26,1
DA:29,1
DA:32,4
DA:33,2
DA:41,2
DA:42,1
DA:43,1
DA:47,4
DA:48,2
DA:56,2
DA:58,2
DA:59,1
DA:62,1
DA:65,4
DA:66,2
DA:70,2
DA:71,1
DA:72,1
LF:28
LH:28
BRDA:6,0,0,1
BRDA:6,0,1,1
BRDA:25,1,0,1
BRDA:25,1,1,1
BRDA:41,2,0,1
BRDA:41,2,1,1
BRDA:58,3,0,1
BRDA:58,3,1,1
BRDA:70,4,0,1
BRDA:70,4,1,1
BRF:10
BRH:10
end_of_record
TN:
SF:utils\index.ts
FNF:0
FNH:0
LF:0
LH:0
BRF:0
BRH:0
end_of_record
TN:
SF:utils\notifications.ts
FN:5,(anonymous_0)
FN:32,(anonymous_1)
FN:34,(anonymous_2)
FN:42,scheduleNotification
FNF:4
FNH:0
FNDA:0,(anonymous_0)
FNDA:0,(anonymous_1)
FNDA:0,(anonymous_2)
FNDA:0,scheduleNotification
DA:5,3
DA:6,0
DA:7,0
DA:8,0
DA:16,0
DA:18,0
DA:19,0
DA:21,0
DA:22,0
DA:23,0
DA:26,0
DA:27,0
DA:28,0
DA:32,3
DA:33,0
DA:34,0
DA:49,0
LF:17
LH:2
BRDA:6,0,0,0
BRDA:6,0,1,0
BRDA:16,1,0,0
BRDA:16,1,1,0
BRDA:21,2,0,0
BRDA:21,2,1,0
BRDA:26,3,0,0
BRDA:26,3,1,0
BRDA:60,4,0,0
BRDA:60,4,1,0
BRF:10
BRH:0
end_of_record
TN:
SF:utils\validation.ts
FN:3,(anonymous_0)
FNF:1
FNH:1
FNDA:4,(anonymous_0)
DA:3,4
DA:4,4
DA:5,3
LF:3
LH:3
BRDA:4,0,0,3
BRDA:4,0,1,1
BRF:2
BRH:2
end_of_record
